#
# There is insufficient memory for the Java Runtime Environment to continue.
# Native memory allocation (malloc) failed to allocate 32744 bytes. Error detail: Chunk::new
# Possible reasons:
#   The system is out of physical RAM or swap space
#   This process is running with CompressedOops enabled, and the Java Heap may be blocking the growth of the native heap
# Possible solutions:
#   Reduce memory load on the system
#   Increase physical memory or swap space
#   Check if swap backing store is full
#   Decrease Java heap size (-Xmx/-Xms)
#   Decrease number of Java threads
#   Decrease Java thread stack sizes (-Xss)
#   Set larger code cache with -XX:ReservedCodeCacheSize=
#   JVM is running with Unscaled Compressed Oops mode in which the Java heap is
#     placed in the first 4GB address space. The Java Heap base address is the
#     maximum limit for the native heap growth. Please use -XX:HeapBaseMinAddress
#     to set the Java Heap base and to place the Java Heap above 4GB virtual address.
# This output file may be truncated or incomplete.
#
#  Out of Memory Error (arena.cpp:168), pid=17768, tid=20796
#
# JRE version: OpenJDK Runtime Environment Temurin-21.0.7+6 (21.0.7+6) (build 21.0.7+6-LTS)
# Java VM: OpenJDK 64-Bit Server VM Temurin-21.0.7+6 (21.0.7+6-LTS, mixed mode, sharing, tiered, compressed oops, compressed class ptrs, parallel gc, windows-amd64)
# No core dump will be written. Minidumps are not enabled by default on client versions of Windows
#

---------------  S U M M A R Y ------------

Command Line: --add-modules=ALL-SYSTEM --add-opens=java.base/java.util=ALL-UNNAMED --add-opens=java.base/java.lang=ALL-UNNAMED --add-opens=java.base/sun.nio.fs=ALL-UNNAMED -Declipse.application=org.eclipse.jdt.ls.core.id1 -Dosgi.bundles.defaultStartLevel=4 -Declipse.product=org.eclipse.jdt.ls.core.product -Djava.import.generatesMetadataFilesAtProjectRoot=false -DDetectVMInstallationsJob.disabled=true -Dfile.encoding=utf8 -XX:+UseParallelGC -XX:GCTimeRatio=4 -XX:AdaptiveSizePolicyWeight=90 -Dsun.zip.disableMemoryMapping=true -Xmx1G -Xms100m -Xlog:disable -javaagent:c:\Users\dell\.vscode\extensions\redhat.java-1.42.0-win32-x64\lombok\lombok-1.18.36.jar -XX:+HeapDumpOnOutOfMemoryError -XX:HeapDumpPath=c:\Users\dell\AppData\Roaming\Code\User\workspaceStorage\f2b637192a8c9c9bbaddc33a9cc72aeb\redhat.java -Daether.dependencyCollector.impl=bf c:\Users\dell\.vscode\extensions\redhat.java-1.42.0-win32-x64\server\plugins\org.eclipse.equinox.launcher_1.7.0.v20250424-1814.jar -configuration c:\Users\dell\AppData\Roaming\Code\User\globalStorage\redhat.java\1.42.0\config_win -data c:\Users\dell\AppData\Roaming\Code\User\workspaceStorage\f2b637192a8c9c9bbaddc33a9cc72aeb\redhat.java\jdt_ws --pipe=\\.\pipe\lsp-13e82ba8e1b6725053aed2b64137a2d0-sock

Host: Intel(R) Core(TM) i5-8350U CPU @ 1.70GHz, 8 cores, 15G,  Windows 11 , 64 bit Build 22621 (10.0.22621.5415)
Time: Tue Jun 17 01:01:54 2025 Pacific Daylight Time elapsed time: 39.617910 seconds (0d 0h 0m 39s)

---------------  T H R E A D  ---------------

Current thread (0x0000028ecb39f980):  JavaThread "C2 CompilerThread0" daemon [_thread_in_native, id=20796, stack(0x000000f0fe400000,0x000000f0fe500000) (1024K)]


Current CompileTask:
C2:39618 8553       4       java.lang.invoke.MethodHandleImpl::makePairwiseConvertByEditor (617 bytes)

Stack: [0x000000f0fe400000,0x000000f0fe500000]
Native frames: (J=compiled Java code, j=interpreted, Vv=VM code, C=native code)
V  [jvm.dll+0x6ce119]
V  [jvm.dll+0x8a84a1]
V  [jvm.dll+0x8aa9ce]
V  [jvm.dll+0x8ab0b3]
V  [jvm.dll+0x27f8a6]
V  [jvm.dll+0xc507d]
V  [jvm.dll+0xc55b3]
V  [jvm.dll+0x6aa7a6]
V  [jvm.dll+0x8cbc8]
V  [jvm.dll+0x65de0d]
V  [jvm.dll+0x65bd5e]
V  [jvm.dll+0x247975]
V  [jvm.dll+0x2470cf]
V  [jvm.dll+0x1c760e]
V  [jvm.dll+0x25695a]
V  [jvm.dll+0x254efa]
V  [jvm.dll+0x3f03f6]
V  [jvm.dll+0x851f6b]
V  [jvm.dll+0x6cc7dd]
C  [ucrtbase.dll+0x29333]
C  [KERNEL32.DLL+0x1259d]
C  [ntdll.dll+0x5af78]


---------------  P R O C E S S  ---------------

Threads class SMR info:
_java_thread_list=0x0000028f146c24b0, length=52, elements={
0x0000028eb6fe1a00, 0x0000028ecb398400, 0x0000028eb709c580, 0x0000028eb709e690,
0x0000028ecb3997f0, 0x0000028ecb39a830, 0x0000028ecb39e2a0, 0x0000028ecb39f980,
0x0000028ecb3c0800, 0x0000028f120bcaa0, 0x0000028f1236cd90, 0x0000028f128f2260,
0x0000028f12b07650, 0x0000028f126f00b0, 0x0000028f12c80a60, 0x0000028f131e3600,
0x0000028f124f7840, 0x0000028f12671bf0, 0x0000028f12671560, 0x0000028f1266e770,
0x0000028f1266ee00, 0x0000028f1266f490, 0x0000028f12670ed0, 0x0000028f126701b0,
0x0000028f12670840, 0x0000028f1266fb20, 0x0000028f16cba290, 0x0000028f16cbafb0,
0x0000028f16cba920, 0x0000028f16cb60f0, 0x0000028f16cb4020, 0x0000028f16cb4d40,
0x0000028f16cbb640, 0x0000028f16cb46b0, 0x0000028f16cb6e10, 0x0000028f16cb53d0,
0x0000028f16cb6780, 0x0000028f16cb74a0, 0x0000028f16cb81c0, 0x0000028f16cb8ee0,
0x0000028f16cb9c00, 0x0000028f16cb9570, 0x0000028f15b13db0, 0x0000028f15b19990,
0x0000028f15b13090, 0x0000028f15b14440, 0x0000028f15b16ba0, 0x0000028f15b19300,
0x0000028f15b15e80, 0x0000028f15b15160, 0x0000028f15b157f0, 0x0000028f15b16510
}

Java Threads: ( => current thread )
  0x0000028eb6fe1a00 JavaThread "main"                              [_thread_blocked, id=20864, stack(0x000000f0fda00000,0x000000f0fdb00000) (1024K)]
  0x0000028ecb398400 JavaThread "Reference Handler"          daemon [_thread_blocked, id=9900, stack(0x000000f0fde00000,0x000000f0fdf00000) (1024K)]
  0x0000028eb709c580 JavaThread "Finalizer"                  daemon [_thread_blocked, id=20772, stack(0x000000f0fdf00000,0x000000f0fe000000) (1024K)]
  0x0000028eb709e690 JavaThread "Signal Dispatcher"          daemon [_thread_blocked, id=20484, stack(0x000000f0fe000000,0x000000f0fe100000) (1024K)]
  0x0000028ecb3997f0 JavaThread "Attach Listener"            daemon [_thread_blocked, id=20488, stack(0x000000f0fe100000,0x000000f0fe200000) (1024K)]
  0x0000028ecb39a830 JavaThread "Service Thread"             daemon [_thread_blocked, id=20852, stack(0x000000f0fe200000,0x000000f0fe300000) (1024K)]
  0x0000028ecb39e2a0 JavaThread "Monitor Deflation Thread"   daemon [_thread_blocked, id=20776, stack(0x000000f0fe300000,0x000000f0fe400000) (1024K)]
=>0x0000028ecb39f980 JavaThread "C2 CompilerThread0"         daemon [_thread_in_native, id=20796, stack(0x000000f0fe400000,0x000000f0fe500000) (1024K)]
  0x0000028ecb3c0800 JavaThread "C1 CompilerThread0"         daemon [_thread_blocked, id=20792, stack(0x000000f0fe500000,0x000000f0fe600000) (1024K)]
  0x0000028f120bcaa0 JavaThread "Common-Cleaner"             daemon [_thread_blocked, id=20980, stack(0x000000f0fe600000,0x000000f0fe700000) (1024K)]
  0x0000028f1236cd90 JavaThread "Notification Thread"        daemon [_thread_blocked, id=21016, stack(0x000000f0fe800000,0x000000f0fe900000) (1024K)]
  0x0000028f128f2260 JavaThread "Active Thread: Equinox Container: 4175bccc-86cb-4ecb-ae47-dcab40169903"        [_thread_blocked, id=8968, stack(0x000000f0fe700000,0x000000f0fe800000) (1024K)]
  0x0000028f12b07650 JavaThread "Refresh Thread: Equinox Container: 4175bccc-86cb-4ecb-ae47-dcab40169903" daemon [_thread_blocked, id=3200, stack(0x000000f0ff000000,0x000000f0ff100000) (1024K)]
  0x0000028f126f00b0 JavaThread "Framework Event Dispatcher: Equinox Container: 4175bccc-86cb-4ecb-ae47-dcab40169903" daemon [_thread_blocked, id=15604, stack(0x000000f0ff200000,0x000000f0ff300000) (1024K)]
  0x0000028f12c80a60 JavaThread "Start Level: Equinox Container: 4175bccc-86cb-4ecb-ae47-dcab40169903" daemon [_thread_blocked, id=20160, stack(0x000000f0fe900000,0x000000f0fea00000) (1024K)]
  0x0000028f131e3600 JavaThread "Bundle File Closer"         daemon [_thread_blocked, id=20736, stack(0x000000f0ff300000,0x000000f0ff400000) (1024K)]
  0x0000028f124f7840 JavaThread "SCR Component Actor"        daemon [_thread_blocked, id=21056, stack(0x000000f0ff400000,0x000000f0ff500000) (1024K)]
  0x0000028f12671bf0 JavaThread "Worker-JM"                         [_thread_blocked, id=4816, stack(0x000000f0ff700000,0x000000f0ff800000) (1024K)]
  0x0000028f12671560 JavaThread "JNA Cleaner"                daemon [_thread_blocked, id=21252, stack(0x000000f0ff900000,0x000000f0ffa00000) (1024K)]
  0x0000028f1266e770 JavaThread "Worker-0"                          [_thread_blocked, id=20700, stack(0x000000f0ff800000,0x000000f0ff900000) (1024K)]
  0x0000028f1266ee00 JavaThread "Worker-1"                          [_thread_blocked, id=1868, stack(0x000000f0ffa00000,0x000000f0ffb00000) (1024K)]
  0x0000028f1266f490 JavaThread "Worker-2"                          [_thread_blocked, id=2720, stack(0x000000f0ffc00000,0x000000f0ffd00000) (1024K)]
  0x0000028f12670ed0 JavaThread "Worker-3"                          [_thread_blocked, id=20624, stack(0x000000f0ffd00000,0x000000f0ffe00000) (1024K)]
  0x0000028f126701b0 JavaThread "Java indexing"              daemon [_thread_blocked, id=20824, stack(0x000000f0ffe00000,0x000000f0fff00000) (1024K)]
  0x0000028f12670840 JavaThread "Worker-4"                          [_thread_blocked, id=21164, stack(0x000000f080100000,0x000000f080200000) (1024K)]
  0x0000028f1266fb20 JavaThread "Worker-5"                          [_thread_blocked, id=16184, stack(0x000000f080200000,0x000000f080300000) (1024K)]
  0x0000028f16cba290 JavaThread "Thread-2"                   daemon [_thread_in_native, id=11100, stack(0x000000f080300000,0x000000f080400000) (1024K)]
  0x0000028f16cbafb0 JavaThread "Thread-3"                   daemon [_thread_in_native, id=14056, stack(0x000000f080400000,0x000000f080500000) (1024K)]
  0x0000028f16cba920 JavaThread "Thread-4"                   daemon [_thread_in_native, id=20312, stack(0x000000f080500000,0x000000f080600000) (1024K)]
  0x0000028f16cb60f0 JavaThread "Thread-5"                   daemon [_thread_in_native, id=21032, stack(0x000000f080600000,0x000000f080700000) (1024K)]
  0x0000028f16cb4020 JavaThread "Thread-6"                   daemon [_thread_in_native, id=21336, stack(0x000000f080700000,0x000000f080800000) (1024K)]
  0x0000028f16cb4d40 JavaThread "Thread-7"                   daemon [_thread_in_native, id=6968, stack(0x000000f080800000,0x000000f080900000) (1024K)]
  0x0000028f16cbb640 JavaThread "Thread-8"                   daemon [_thread_in_native, id=21500, stack(0x000000f080900000,0x000000f080a00000) (1024K)]
  0x0000028f16cb46b0 JavaThread "Thread-9"                   daemon [_thread_in_native, id=18796, stack(0x000000f080a00000,0x000000f080b00000) (1024K)]
  0x0000028f16cb6e10 JavaThread "Thread-10"                  daemon [_thread_in_native, id=19096, stack(0x000000f080b00000,0x000000f080c00000) (1024K)]
  0x0000028f16cb53d0 JavaThread "pool-2-thread-1"                   [_thread_blocked, id=18736, stack(0x000000f080c00000,0x000000f080d00000) (1024K)]
  0x0000028f16cb6780 JavaThread "WorkspaceEventsHandler"            [_thread_blocked, id=21036, stack(0x000000f080d00000,0x000000f080e00000) (1024K)]
  0x0000028f16cb74a0 JavaThread "pool-1-thread-1"                   [_thread_blocked, id=20168, stack(0x000000f080e00000,0x000000f080f00000) (1024K)]
  0x0000028f16cb81c0 JavaThread "LocalFile Deleter"          daemon [_thread_blocked, id=18472, stack(0x000000f080f00000,0x000000f081000000) (1024K)]
  0x0000028f16cb8ee0 JavaThread "LocalFile Deleter"          daemon [_thread_blocked, id=3700, stack(0x000000f081000000,0x000000f081100000) (1024K)]
  0x0000028f16cb9c00 JavaThread "LocalFile Deleter"          daemon [_thread_blocked, id=17588, stack(0x000000f081100000,0x000000f081200000) (1024K)]
  0x0000028f16cb9570 JavaThread "LocalFile Deleter"          daemon [_thread_blocked, id=6676, stack(0x000000f081200000,0x000000f081300000) (1024K)]
  0x0000028f15b13db0 JavaThread "Compiler Source File Reader" daemon [_thread_blocked, id=7216, stack(0x000000f081300000,0x000000f081400000) (1024K)]
  0x0000028f15b19990 JavaThread "Timer-0"                           [_thread_blocked, id=16648, stack(0x000000f081400000,0x000000f081500000) (1024K)]
  0x0000028f15b13090 JavaThread "Compiler Source File Reader" daemon [_thread_blocked, id=19964, stack(0x000000f081500000,0x000000f081600000) (1024K)]
  0x0000028f15b14440 JavaThread "ForkJoinPool.commonPool-worker-1" daemon [_thread_blocked, id=18260, stack(0x000000f081600000,0x000000f081700000) (1024K)]
  0x0000028f15b16ba0 JavaThread "ForkJoinPool.commonPool-worker-2" daemon [_thread_blocked, id=17892, stack(0x000000f081700000,0x000000f081800000) (1024K)]
  0x0000028f15b19300 JavaThread "ForkJoinPool.commonPool-worker-3" daemon [_thread_blocked, id=19200, stack(0x000000f081800000,0x000000f081900000) (1024K)]
  0x0000028f15b15e80 JavaThread "ForkJoinPool.commonPool-worker-4" daemon [_thread_blocked, id=15668, stack(0x000000f081900000,0x000000f081a00000) (1024K)]
  0x0000028f15b15160 JavaThread "ForkJoinPool.commonPool-worker-5" daemon [_thread_blocked, id=19716, stack(0x000000f081a00000,0x000000f081b00000) (1024K)]
  0x0000028f15b157f0 JavaThread "ForkJoinPool.commonPool-worker-6" daemon [_thread_blocked, id=17560, stack(0x000000f081b00000,0x000000f081c00000) (1024K)]
  0x0000028f15b16510 JavaThread "ForkJoinPool.commonPool-worker-7" daemon [_thread_blocked, id=8604, stack(0x000000f081c00000,0x000000f081d00000) (1024K)]
Total: 52

Other Threads:
  0x0000028eb7081e10 VMThread "VM Thread"                           [id=2900, stack(0x000000f0fdd00000,0x000000f0fde00000) (1024K)]
  0x0000028ecb2aca00 WatcherThread "VM Periodic Task Thread"        [id=20368, stack(0x000000f0fdc00000,0x000000f0fdd00000) (1024K)]
  0x0000028eb6ffea60 WorkerThread "GC Thread#0"                     [id=16776, stack(0x000000f0fdb00000,0x000000f0fdc00000) (1024K)]
  0x0000028f1278d590 WorkerThread "GC Thread#1"                     [id=21192, stack(0x000000f0fea00000,0x000000f0feb00000) (1024K)]
  0x0000028f1278d1f0 WorkerThread "GC Thread#2"                     [id=21156, stack(0x000000f0feb00000,0x000000f0fec00000) (1024K)]
  0x0000028f1278e070 WorkerThread "GC Thread#3"                     [id=21320, stack(0x000000f0fec00000,0x000000f0fed00000) (1024K)]
  0x0000028f1278dcd0 WorkerThread "GC Thread#4"                     [id=21324, stack(0x000000f0fed00000,0x000000f0fee00000) (1024K)]
  0x0000028f1278e410 WorkerThread "GC Thread#5"                     [id=21328, stack(0x000000f0fee00000,0x000000f0fef00000) (1024K)]
  0x0000028f1278e7b0 WorkerThread "GC Thread#6"                     [id=21332, stack(0x000000f0fef00000,0x000000f0ff000000) (1024K)]
  0x0000028f1278ce50 WorkerThread "GC Thread#7"                     [id=11296, stack(0x000000f0ff100000,0x000000f0ff200000) (1024K)]
Total: 10

Threads with active compile tasks:
C2 CompilerThread0  39669 8553       4       java.lang.invoke.MethodHandleImpl::makePairwiseConvertByEditor (617 bytes)
Total: 1

VM state: not at safepoint (normal execution)

VM Mutex/Monitor currently owned by a thread: None

Heap address: 0x00000000c0000000, size: 1024 MB, Compressed Oops mode: 32-bit

CDS archive(s) mapped at: [0x0000028ecc000000-0x0000028eccba0000-0x0000028eccba0000), size 12189696, SharedBaseAddress: 0x0000028ecc000000, ArchiveRelocationMode: 1.
Compressed class space mapped at: 0x0000028ecd000000-0x0000028f0d000000, reserved size: 1073741824
Narrow klass base: 0x0000028ecc000000, Narrow klass shift: 0, Narrow klass range: 0x100000000

GC Precious Log:
 CardTable entry size: 512
 CPUs: 8 total, 8 available
 Memory: 16242M
 Large Page Support: Disabled
 NUMA Support: Disabled
 Compressed Oops: Enabled (32-bit)
 Alignments: Space 512K, Generation 512K, Heap 2M
 Heap Min Capacity: 100M
 Heap Initial Capacity: 100M
 Heap Max Capacity: 1G
 Pre-touch: Disabled
 Parallel Workers: 8

Heap:
 PSYoungGen      total 1536K, used 653K [0x00000000eab00000, 0x00000000eaf80000, 0x0000000100000000)
  eden space 1024K, 41% used [0x00000000eab00000,0x00000000eab6b6d0,0x00000000eac00000)
  from space 512K, 43% used [0x00000000eae80000,0x00000000eaeb8000,0x00000000eaf00000)
  to   space 512K, 0% used [0x00000000eaf00000,0x00000000eaf00000,0x00000000eaf80000)
 ParOldGen       total 410624K, used 410274K [0x00000000c0000000, 0x00000000d9100000, 0x00000000eab00000)
  object space 410624K, 99% used [0x00000000c0000000,0x00000000d90a8840,0x00000000d9100000)
 Metaspace       used 59694K, committed 61120K, reserved 1114112K
  class space    used 6778K, committed 7424K, reserved 1048576K

Card table byte_map: [0x0000028eb6980000,0x0000028eb6b90000] _byte_map_base: 0x0000028eb6380000

Marking Bits: (ParMarkBitMap*) 0x00007ffc6cb631f0
 Begin Bits: [0x0000028ec91d0000, 0x0000028eca1d0000)
 End Bits:   [0x0000028eca1d0000, 0x0000028ecb1d0000)

Polling page: 0x0000028eb4fa0000

Metaspace:

Usage:
  Non-class:     51.68 MB used.
      Class:      6.62 MB used.
       Both:     58.30 MB used.

Virtual space:
  Non-class space:       64.00 MB reserved,      52.44 MB ( 82%) committed,  1 nodes.
      Class space:        1.00 GB reserved,       7.25 MB ( <1%) committed,  1 nodes.
             Both:        1.06 GB reserved,      59.69 MB (  5%) committed. 

Chunk freelists:
   Non-Class:  10.84 MB
       Class:  8.73 MB
        Both:  19.58 MB

MaxMetaspaceSize: unlimited
CompressedClassSpaceSize: 1.00 GB
Initial GC threshold: 21.00 MB
Current GC threshold: 97.31 MB
CDS: on
 - commit_granule_bytes: 65536.
 - commit_granule_words: 8192.
 - virtual_space_node_default_size: 8388608.
 - enlarge_chunks_in_place: 1.
 - use_allocation_guard: 0.


Internal statistics:

num_allocs_failed_limit: 9.
num_arena_births: 1060.
num_arena_deaths: 36.
num_vsnodes_births: 2.
num_vsnodes_deaths: 0.
num_space_committed: 955.
num_space_uncommitted: 0.
num_chunks_returned_to_freelist: 52.
num_chunks_taken_from_freelist: 3756.
num_chunk_merges: 17.
num_chunk_splits: 2370.
num_chunks_enlarged: 1446.
num_inconsistent_stats: 0.

CodeHeap 'non-profiled nmethods': size=120000Kb used=6625Kb max_used=6625Kb free=113374Kb
 bounds [0x0000028ec1ca0000, 0x0000028ec2320000, 0x0000028ec91d0000]
CodeHeap 'profiled nmethods': size=120000Kb used=16214Kb max_used=16214Kb free=103785Kb
 bounds [0x0000028eba1d0000, 0x0000028ebb1b0000, 0x0000028ec1700000]
CodeHeap 'non-nmethods': size=5760Kb used=1407Kb max_used=1514Kb free=4352Kb
 bounds [0x0000028ec1700000, 0x0000028ec1970000, 0x0000028ec1ca0000]
 total_blobs=8471 nmethods=7754 adapters=623
 compilation: enabled
              stopped_count=0, restarted_count=0
 full_count=0

Compilation events (20 events):
Event: 39.213 Thread 0x0000028ecb3c0800 nmethod 8550 0x0000028ebb19ac10 code [0x0000028ebb19af80, 0x0000028ebb19c858]
Event: 39.213 Thread 0x0000028ecb3c0800 8549       3       com.google.gson.internal.GsonTypes::resolve (510 bytes)
Event: 39.217 Thread 0x0000028ecb3c0800 nmethod 8549 0x0000028ebb19d210 code [0x0000028ebb19d780, 0x0000028ebb1a0c58]
Event: 39.217 Thread 0x0000028ecb3c0800 8551       3       sun.nio.ch.Invoker$GroupAndInvokeCount::resetInvokeCount (6 bytes)
Event: 39.218 Thread 0x0000028ecb3c0800 nmethod 8551 0x0000028eba7a2110 code [0x0000028eba7a22a0, 0x0000028eba7a23b0]
Event: 39.239 Thread 0x0000028ecb3c0800 8552       3       org.eclipse.core.internal.registry.HashtableOfStringAndInt::get (72 bytes)
Event: 39.240 Thread 0x0000028ecb3c0800 nmethod 8552 0x0000028ebb1a1c10 code [0x0000028ebb1a1e20, 0x0000028ebb1a23c8]
Event: 39.247 Thread 0x0000028ecb39f980 8553       4       java.lang.invoke.MethodHandleImpl::makePairwiseConvertByEditor (617 bytes)
Event: 39.254 Thread 0x0000028ecb3c0800 8558       3       com.sun.jna.Memory::boundsCheck (90 bytes)
Event: 39.255 Thread 0x0000028ecb3c0800 nmethod 8558 0x0000028ebb1a2710 code [0x0000028ebb1a2a00, 0x0000028ebb1a3680]
Event: 39.255 Thread 0x0000028ecb3c0800 8559       1       com.sun.jna.internal.Cleaner$CleanerRef::setNext (6 bytes)
Event: 39.255 Thread 0x0000028ecb3c0800 nmethod 8559 0x0000028ec2318110 code [0x0000028ec23182a0, 0x0000028ec2318380]
Event: 39.284 Thread 0x0000028ecb3c0800 8560       3       com.google.gson.internal.bind.TypeAdapterRuntimeTypeWrapper::write (80 bytes)
Event: 39.285 Thread 0x0000028ecb3c0800 nmethod 8560 0x0000028ebb1a3c10 code [0x0000028ebb1a3e80, 0x0000028ebb1a4ce0]
Event: 39.285 Thread 0x0000028ecb3c0800 8562       3       jdk.internal.ref.Cleaner::<init> (24 bytes)
Event: 39.285 Thread 0x0000028ecb3c0800 nmethod 8562 0x0000028ebb1a5090 code [0x0000028ebb1a5240, 0x0000028ebb1a5500]
Event: 39.286 Thread 0x0000028ecb3c0800 8561       3       com.google.gson.internal.bind.TypeAdapterRuntimeTypeWrapper::getRuntimeTypeIfMoreSpecific (25 bytes)
Event: 39.286 Thread 0x0000028ecb3c0800 nmethod 8561 0x0000028ebb1a5610 code [0x0000028ebb1a57c0, 0x0000028ebb1a5b78]
Event: 39.289 Thread 0x0000028ecb3c0800 8563       1       org.eclipse.core.runtime.spi.RegistryContributor::getId (5 bytes)
Event: 39.289 Thread 0x0000028ecb3c0800 nmethod 8563 0x0000028ec2318410 code [0x0000028ec23185a0, 0x0000028ec2318668]

GC Heap History (20 events):
Event: 38.637 GC heap before
{Heap before GC invocations=361 (full 3):
 PSYoungGen      total 2048K, used 1666K [0x00000000eab00000, 0x00000000eb080000, 0x0000000100000000)
  eden space 1024K, 96% used [0x00000000eab00000,0x00000000eabf6b50,0x00000000eac00000)
  from space 1024K, 66% used [0x00000000eae80000,0x00000000eaf2a018,0x00000000eaf80000)
  to   space 1024K, 0% used [0x00000000eaf80000,0x00000000eaf80000,0x00000000eb080000)
 ParOldGen       total 405504K, used 405241K [0x00000000c0000000, 0x00000000d8c00000, 0x00000000eab00000)
  object space 405504K, 99% used [0x00000000c0000000,0x00000000d8bbe5e8,0x00000000d8c00000)
 Metaspace       used 59008K, committed 60352K, reserved 1114112K
  class space    used 6688K, committed 7296K, reserved 1048576K
}
Event: 38.639 GC heap after
{Heap after GC invocations=361 (full 3):
 PSYoungGen      total 2048K, used 656K [0x00000000eab00000, 0x00000000eb080000, 0x0000000100000000)
  eden space 1024K, 0% used [0x00000000eab00000,0x00000000eab00000,0x00000000eac00000)
  from space 1024K, 64% used [0x00000000eaf80000,0x00000000eb024008,0x00000000eb080000)
  to   space 1024K, 0% used [0x00000000eae80000,0x00000000eae80000,0x00000000eaf80000)
 ParOldGen       total 406016K, used 405689K [0x00000000c0000000, 0x00000000d8c80000, 0x00000000eab00000)
  object space 406016K, 99% used [0x00000000c0000000,0x00000000d8c2e5f8,0x00000000d8c80000)
 Metaspace       used 59008K, committed 60352K, reserved 1114112K
  class space    used 6688K, committed 7296K, reserved 1048576K
}
Event: 38.647 GC heap before
{Heap before GC invocations=362 (full 3):
 PSYoungGen      total 2048K, used 1678K [0x00000000eab00000, 0x00000000eb080000, 0x0000000100000000)
  eden space 1024K, 99% used [0x00000000eab00000,0x00000000eabffb50,0x00000000eac00000)
  from space 1024K, 64% used [0x00000000eaf80000,0x00000000eb024008,0x00000000eb080000)
  to   space 1024K, 0% used [0x00000000eae80000,0x00000000eae80000,0x00000000eaf80000)
 ParOldGen       total 406016K, used 405689K [0x00000000c0000000, 0x00000000d8c80000, 0x00000000eab00000)
  object space 406016K, 99% used [0x00000000c0000000,0x00000000d8c2e5f8,0x00000000d8c80000)
 Metaspace       used 59034K, committed 60416K, reserved 1114112K
  class space    used 6695K, committed 7360K, reserved 1048576K
}
Event: 38.649 GC heap after
{Heap after GC invocations=362 (full 3):
 PSYoungGen      total 2048K, used 737K [0x00000000eab00000, 0x00000000eb000000, 0x0000000100000000)
  eden space 1024K, 0% used [0x00000000eab00000,0x00000000eab00000,0x00000000eac00000)
  from space 1024K, 72% used [0x00000000eae80000,0x00000000eaf386e0,0x00000000eaf80000)
  to   space 512K, 0% used [0x00000000eaf80000,0x00000000eaf80000,0x00000000eb000000)
 ParOldGen       total 406528K, used 406177K [0x00000000c0000000, 0x00000000d8d00000, 0x00000000eab00000)
  object space 406528K, 99% used [0x00000000c0000000,0x00000000d8ca8600,0x00000000d8d00000)
 Metaspace       used 59034K, committed 60416K, reserved 1114112K
  class space    used 6695K, committed 7360K, reserved 1048576K
}
Event: 38.663 GC heap before
{Heap before GC invocations=363 (full 3):
 PSYoungGen      total 2048K, used 1758K [0x00000000eab00000, 0x00000000eb000000, 0x0000000100000000)
  eden space 1024K, 99% used [0x00000000eab00000,0x00000000eabff248,0x00000000eac00000)
  from space 1024K, 72% used [0x00000000eae80000,0x00000000eaf386e0,0x00000000eaf80000)
  to   space 512K, 0% used [0x00000000eaf80000,0x00000000eaf80000,0x00000000eb000000)
 ParOldGen       total 406528K, used 406177K [0x00000000c0000000, 0x00000000d8d00000, 0x00000000eab00000)
  object space 406528K, 99% used [0x00000000c0000000,0x00000000d8ca8600,0x00000000d8d00000)
 Metaspace       used 59108K, committed 60480K, reserved 1114112K
  class space    used 6698K, committed 7360K, reserved 1048576K
}
Event: 38.666 GC heap after
{Heap after GC invocations=363 (full 3):
 PSYoungGen      total 1536K, used 512K [0x00000000eab00000, 0x00000000eb000000, 0x0000000100000000)
  eden space 1024K, 0% used [0x00000000eab00000,0x00000000eab00000,0x00000000eac00000)
  from space 512K, 100% used [0x00000000eaf80000,0x00000000eb000000,0x00000000eb000000)
  to   space 1536K, 0% used [0x00000000ead00000,0x00000000ead00000,0x00000000eae80000)
 ParOldGen       total 407040K, used 406905K [0x00000000c0000000, 0x00000000d8d80000, 0x00000000eab00000)
  object space 407040K, 99% used [0x00000000c0000000,0x00000000d8d5e660,0x00000000d8d80000)
 Metaspace       used 59108K, committed 60480K, reserved 1114112K
  class space    used 6698K, committed 7360K, reserved 1048576K
}
Event: 38.677 GC heap before
{Heap before GC invocations=364 (full 3):
 PSYoungGen      total 1536K, used 1536K [0x00000000eab00000, 0x00000000eb000000, 0x0000000100000000)
  eden space 1024K, 100% used [0x00000000eab00000,0x00000000eac00000,0x00000000eac00000)
  from space 512K, 100% used [0x00000000eaf80000,0x00000000eb000000,0x00000000eb000000)
  to   space 1536K, 0% used [0x00000000ead00000,0x00000000ead00000,0x00000000eae80000)
 ParOldGen       total 407040K, used 406905K [0x00000000c0000000, 0x00000000d8d80000, 0x00000000eab00000)
  object space 407040K, 99% used [0x00000000c0000000,0x00000000d8d5e660,0x00000000d8d80000)
 Metaspace       used 59174K, committed 60544K, reserved 1114112K
  class space    used 6708K, committed 7360K, reserved 1048576K
}
Event: 38.679 GC heap after
{Heap after GC invocations=364 (full 3):
 PSYoungGen      total 2560K, used 736K [0x00000000eab00000, 0x00000000eb000000, 0x0000000100000000)
  eden space 1024K, 0% used [0x00000000eab00000,0x00000000eab00000,0x00000000eac00000)
  from space 1536K, 47% used [0x00000000ead00000,0x00000000eadb8000,0x00000000eae80000)
  to   space 1024K, 0% used [0x00000000eaf00000,0x00000000eaf00000,0x00000000eb000000)
 ParOldGen       total 407552K, used 407377K [0x00000000c0000000, 0x00000000d8e00000, 0x00000000eab00000)
  object space 407552K, 99% used [0x00000000c0000000,0x00000000d8dd4660,0x00000000d8e00000)
 Metaspace       used 59174K, committed 60544K, reserved 1114112K
  class space    used 6708K, committed 7360K, reserved 1048576K
}
Event: 38.692 GC heap before
{Heap before GC invocations=365 (full 3):
 PSYoungGen      total 2560K, used 1759K [0x00000000eab00000, 0x00000000eb000000, 0x0000000100000000)
  eden space 1024K, 99% used [0x00000000eab00000,0x00000000eabffff8,0x00000000eac00000)
  from space 1536K, 47% used [0x00000000ead00000,0x00000000eadb8000,0x00000000eae80000)
  to   space 1024K, 0% used [0x00000000eaf00000,0x00000000eaf00000,0x00000000eb000000)
 ParOldGen       total 407552K, used 407377K [0x00000000c0000000, 0x00000000d8e00000, 0x00000000eab00000)
  object space 407552K, 99% used [0x00000000c0000000,0x00000000d8dd4660,0x00000000d8e00000)
 Metaspace       used 59186K, committed 60544K, reserved 1114112K
  class space    used 6709K, committed 7360K, reserved 1048576K
}
Event: 38.694 GC heap after
{Heap after GC invocations=365 (full 3):
 PSYoungGen      total 2048K, used 848K [0x00000000eab00000, 0x00000000eb000000, 0x0000000100000000)
  eden space 1024K, 0% used [0x00000000eab00000,0x00000000eab00000,0x00000000eac00000)
  from space 1024K, 82% used [0x00000000eaf00000,0x00000000eafd4030,0x00000000eb000000)
  to   space 1024K, 0% used [0x00000000eae00000,0x00000000eae00000,0x00000000eaf00000)
 ParOldGen       total 408064K, used 407985K [0x00000000c0000000, 0x00000000d8e80000, 0x00000000eab00000)
  object space 408064K, 99% used [0x00000000c0000000,0x00000000d8e6c660,0x00000000d8e80000)
 Metaspace       used 59186K, committed 60544K, reserved 1114112K
  class space    used 6709K, committed 7360K, reserved 1048576K
}
Event: 38.702 GC heap before
{Heap before GC invocations=366 (full 3):
 PSYoungGen      total 2048K, used 1872K [0x00000000eab00000, 0x00000000eb000000, 0x0000000100000000)
  eden space 1024K, 100% used [0x00000000eab00000,0x00000000eac00000,0x00000000eac00000)
  from space 1024K, 82% used [0x00000000eaf00000,0x00000000eafd4030,0x00000000eb000000)
  to   space 1024K, 0% used [0x00000000eae00000,0x00000000eae00000,0x00000000eaf00000)
 ParOldGen       total 408064K, used 407985K [0x00000000c0000000, 0x00000000d8e80000, 0x00000000eab00000)
  object space 408064K, 99% used [0x00000000c0000000,0x00000000d8e6c660,0x00000000d8e80000)
 Metaspace       used 59186K, committed 60544K, reserved 1114112K
  class space    used 6709K, committed 7360K, reserved 1048576K
}
Event: 38.705 GC heap after
{Heap after GC invocations=366 (full 3):
 PSYoungGen      total 2048K, used 1024K [0x00000000eab00000, 0x00000000eb000000, 0x0000000100000000)
  eden space 1024K, 0% used [0x00000000eab00000,0x00000000eab00000,0x00000000eac00000)
  from space 1024K, 100% used [0x00000000eae00000,0x00000000eaf00000,0x00000000eaf00000)
  to   space 1024K, 0% used [0x00000000eaf00000,0x00000000eaf00000,0x00000000eb000000)
 ParOldGen       total 409088K, used 408785K [0x00000000c0000000, 0x00000000d8f80000, 0x00000000eab00000)
  object space 409088K, 99% used [0x00000000c0000000,0x00000000d8f34690,0x00000000d8f80000)
 Metaspace       used 59186K, committed 60544K, reserved 1114112K
  class space    used 6709K, committed 7360K, reserved 1048576K
}
Event: 39.157 GC heap before
{Heap before GC invocations=367 (full 3):
 PSYoungGen      total 2048K, used 2048K [0x00000000eab00000, 0x00000000eb000000, 0x0000000100000000)
  eden space 1024K, 100% used [0x00000000eab00000,0x00000000eac00000,0x00000000eac00000)
  from space 1024K, 100% used [0x00000000eae00000,0x00000000eaf00000,0x00000000eaf00000)
  to   space 1024K, 0% used [0x00000000eaf00000,0x00000000eaf00000,0x00000000eb000000)
 ParOldGen       total 409088K, used 408785K [0x00000000c0000000, 0x00000000d8f80000, 0x00000000eab00000)
  object space 409088K, 99% used [0x00000000c0000000,0x00000000d8f34690,0x00000000d8f80000)
 Metaspace       used 59246K, committed 60672K, reserved 1114112K
  class space    used 6716K, committed 7360K, reserved 1048576K
}
Event: 39.160 GC heap after
{Heap after GC invocations=367 (full 3):
 PSYoungGen      total 1536K, used 448K [0x00000000eab00000, 0x00000000eaf80000, 0x0000000100000000)
  eden space 1024K, 0% used [0x00000000eab00000,0x00000000eab00000,0x00000000eac00000)
  from space 512K, 87% used [0x00000000eaf00000,0x00000000eaf70000,0x00000000eaf80000)
  to   space 1024K, 0% used [0x00000000ead80000,0x00000000ead80000,0x00000000eae80000)
 ParOldGen       total 410112K, used 409785K [0x00000000c0000000, 0x00000000d9080000, 0x00000000eab00000)
  object space 410112K, 99% used [0x00000000c0000000,0x00000000d902e690,0x00000000d9080000)
 Metaspace       used 59246K, committed 60672K, reserved 1114112K
  class space    used 6716K, committed 7360K, reserved 1048576K
}
Event: 39.218 GC heap before
{Heap before GC invocations=368 (full 3):
 PSYoungGen      total 1536K, used 1471K [0x00000000eab00000, 0x00000000eaf80000, 0x0000000100000000)
  eden space 1024K, 99% used [0x00000000eab00000,0x00000000eabffca0,0x00000000eac00000)
  from space 512K, 87% used [0x00000000eaf00000,0x00000000eaf70000,0x00000000eaf80000)
  to   space 1024K, 0% used [0x00000000ead80000,0x00000000ead80000,0x00000000eae80000)
 ParOldGen       total 410112K, used 409785K [0x00000000c0000000, 0x00000000d9080000, 0x00000000eab00000)
  object space 410112K, 99% used [0x00000000c0000000,0x00000000d902e690,0x00000000d9080000)
 Metaspace       used 59341K, committed 60736K, reserved 1114112K
  class space    used 6727K, committed 7360K, reserved 1048576K
}
Event: 39.220 GC heap after
{Heap after GC invocations=368 (full 3):
 PSYoungGen      total 2048K, used 192K [0x00000000eab00000, 0x00000000eaf80000, 0x0000000100000000)
  eden space 1024K, 0% used [0x00000000eab00000,0x00000000eab00000,0x00000000eac00000)
  from space 1024K, 18% used [0x00000000ead80000,0x00000000eadb0000,0x00000000eae80000)
  to   space 512K, 0% used [0x00000000eaf00000,0x00000000eaf00000,0x00000000eaf80000)
 ParOldGen       total 410624K, used 410153K [0x00000000c0000000, 0x00000000d9100000, 0x00000000eab00000)
  object space 410624K, 99% used [0x00000000c0000000,0x00000000d908a690,0x00000000d9100000)
 Metaspace       used 59341K, committed 60736K, reserved 1114112K
  class space    used 6727K, committed 7360K, reserved 1048576K
}
Event: 39.244 GC heap before
{Heap before GC invocations=369 (full 3):
 PSYoungGen      total 2048K, used 1215K [0x00000000eab00000, 0x00000000eaf80000, 0x0000000100000000)
  eden space 1024K, 99% used [0x00000000eab00000,0x00000000eabfffe8,0x00000000eac00000)
  from space 1024K, 18% used [0x00000000ead80000,0x00000000eadb0000,0x00000000eae80000)
  to   space 512K, 0% used [0x00000000eaf00000,0x00000000eaf00000,0x00000000eaf80000)
 ParOldGen       total 410624K, used 410153K [0x00000000c0000000, 0x00000000d9100000, 0x00000000eab00000)
  object space 410624K, 99% used [0x00000000c0000000,0x00000000d908a690,0x00000000d9100000)
 Metaspace       used 59495K, committed 60864K, reserved 1114112K
  class space    used 6743K, committed 7360K, reserved 1048576K
}
Event: 39.246 GC heap after
{Heap after GC invocations=369 (full 3):
 PSYoungGen      total 1536K, used 160K [0x00000000eab00000, 0x00000000eaf80000, 0x0000000100000000)
  eden space 1024K, 0% used [0x00000000eab00000,0x00000000eab00000,0x00000000eac00000)
  from space 512K, 31% used [0x00000000eaf00000,0x00000000eaf28000,0x00000000eaf80000)
  to   space 512K, 0% used [0x00000000eae80000,0x00000000eae80000,0x00000000eaf00000)
 ParOldGen       total 410624K, used 410234K [0x00000000c0000000, 0x00000000d9100000, 0x00000000eab00000)
  object space 410624K, 99% used [0x00000000c0000000,0x00000000d909e840,0x00000000d9100000)
 Metaspace       used 59495K, committed 60864K, reserved 1114112K
  class space    used 6743K, committed 7360K, reserved 1048576K
}
Event: 39.265 GC heap before
{Heap before GC invocations=370 (full 3):
 PSYoungGen      total 1536K, used 1179K [0x00000000eab00000, 0x00000000eaf80000, 0x0000000100000000)
  eden space 1024K, 99% used [0x00000000eab00000,0x00000000eabfed28,0x00000000eac00000)
  from space 512K, 31% used [0x00000000eaf00000,0x00000000eaf28000,0x00000000eaf80000)
  to   space 512K, 0% used [0x00000000eae80000,0x00000000eae80000,0x00000000eaf00000)
 ParOldGen       total 410624K, used 410234K [0x00000000c0000000, 0x00000000d9100000, 0x00000000eab00000)
  object space 410624K, 99% used [0x00000000c0000000,0x00000000d909e840,0x00000000d9100000)
 Metaspace       used 59631K, committed 60992K, reserved 1114112K
  class space    used 6767K, committed 7360K, reserved 1048576K
}
Event: 39.267 GC heap after
{Heap after GC invocations=370 (full 3):
 PSYoungGen      total 1536K, used 224K [0x00000000eab00000, 0x00000000eaf80000, 0x0000000100000000)
  eden space 1024K, 0% used [0x00000000eab00000,0x00000000eab00000,0x00000000eac00000)
  from space 512K, 43% used [0x00000000eae80000,0x00000000eaeb8000,0x00000000eaf00000)
  to   space 512K, 0% used [0x00000000eaf00000,0x00000000eaf00000,0x00000000eaf80000)
 ParOldGen       total 410624K, used 410274K [0x00000000c0000000, 0x00000000d9100000, 0x00000000eab00000)
  object space 410624K, 99% used [0x00000000c0000000,0x00000000d90a8840,0x00000000d9100000)
 Metaspace       used 59631K, committed 60992K, reserved 1114112K
  class space    used 6767K, committed 7360K, reserved 1048576K
}

Dll operation events (13 events):
Event: 0.013 Loaded shared library c:\Users\dell\.vscode\extensions\redhat.java-1.42.0-win32-x64\jre\21.0.7-win32-x86_64\bin\java.dll
Event: 0.128 Loaded shared library c:\Users\dell\.vscode\extensions\redhat.java-1.42.0-win32-x64\jre\21.0.7-win32-x86_64\bin\zip.dll
Event: 0.170 Loaded shared library C:\Users\dell\.vscode\extensions\redhat.java-1.42.0-win32-x64\jre\21.0.7-win32-x86_64\bin\instrument.dll
Event: 0.178 Loaded shared library C:\Users\dell\.vscode\extensions\redhat.java-1.42.0-win32-x64\jre\21.0.7-win32-x86_64\bin\net.dll
Event: 0.181 Loaded shared library C:\Users\dell\.vscode\extensions\redhat.java-1.42.0-win32-x64\jre\21.0.7-win32-x86_64\bin\nio.dll
Event: 0.191 Loaded shared library C:\Users\dell\.vscode\extensions\redhat.java-1.42.0-win32-x64\jre\21.0.7-win32-x86_64\bin\zip.dll
Event: 0.222 Loaded shared library C:\Users\dell\.vscode\extensions\redhat.java-1.42.0-win32-x64\jre\21.0.7-win32-x86_64\bin\jimage.dll
Event: 0.357 Loaded shared library c:\Users\dell\.vscode\extensions\redhat.java-1.42.0-win32-x64\jre\21.0.7-win32-x86_64\bin\verify.dll
Event: 3.176 Loaded shared library C:\Users\dell\AppData\Roaming\Code\User\globalStorage\redhat.java\1.42.0\config_win\org.eclipse.equinox.launcher\org.eclipse.equinox.launcher.win32.win32.x86_64_1.2.1300.v20250331-1702\eclipse_11911.dll
Event: 8.177 Loaded shared library C:\Users\dell\AppData\Local\Temp\jna-3079617\jna1680920509491651399.dll
Event: 18.600 Loaded shared library C:\Users\dell\.gradle\native\1def1411415f61bf3af743bc5b6707747c0891f09f0c88961ee8f79bc544acac\windows-amd64\native-platform.dll
Event: 22.386 Loaded shared library C:\Users\dell\.vscode\extensions\redhat.java-1.42.0-win32-x64\jre\21.0.7-win32-x86_64\bin\management.dll
Event: 22.390 Loaded shared library C:\Users\dell\.vscode\extensions\redhat.java-1.42.0-win32-x64\jre\21.0.7-win32-x86_64\bin\management_ext.dll

Deoptimization events (20 events):
Event: 38.707 Thread 0x0000028f15b19300 Uncommon trap: trap_request=0xffffff45 fr.pc=0x0000028ec230e614 relative=0x00000000000005f4
Event: 38.707 Thread 0x0000028f15b19300 Uncommon trap: reason=unstable_if action=reinterpret pc=0x0000028ec230e614 method=org.eclipse.jdt.internal.core.index.DiskIndex.addQueryResult(Lorg/eclipse/jdt/internal/compiler/util/HashtableOfObject;[CLjava/lang/Object;Lorg/eclipse/jdt/internal/core/ind
Event: 38.707 Thread 0x0000028f15b19300 DEOPT PACKING pc=0x0000028ec230e614 sp=0x000000f0818fe7d0
Event: 38.707 Thread 0x0000028f15b19300 DEOPT UNPACKING pc=0x0000028ec1753aa2 sp=0x000000f0818fe720 mode 2
Event: 38.710 Thread 0x0000028f15b14440 DEOPT PACKING pc=0x0000028eba57ffa0 sp=0x000000f0816fe1e0
Event: 38.710 Thread 0x0000028f15b14440 DEOPT UNPACKING pc=0x0000028ec1754242 sp=0x000000f0816fd6e8 mode 3
Event: 38.710 Thread 0x0000028f15b14440 Uncommon trap: trap_request=0xffffff45 fr.pc=0x0000028ec20750dc relative=0x0000000000000cbc
Event: 38.710 Thread 0x0000028f15b14440 Uncommon trap: reason=unstable_if action=reinterpret pc=0x0000028ec20750dc method=java.util.concurrent.ConcurrentHashMap.putVal(Ljava/lang/Object;Ljava/lang/Object;Z)Ljava/lang/Object; @ 245 c2
Event: 38.710 Thread 0x0000028f15b14440 DEOPT PACKING pc=0x0000028ec20750dc sp=0x000000f0816fe3d0
Event: 38.710 Thread 0x0000028f15b14440 DEOPT UNPACKING pc=0x0000028ec1753aa2 sp=0x000000f0816fe378 mode 2
Event: 39.175 Thread 0x0000028f16cb6780 DEOPT PACKING pc=0x0000028ebb0b59ce sp=0x000000f080dfe220
Event: 39.175 Thread 0x0000028f16cb6780 DEOPT UNPACKING pc=0x0000028ec1754242 sp=0x000000f080dfd7a0 mode 0
Event: 39.253 Thread 0x0000028f16cb6780 Uncommon trap: trap_request=0xffffffc6 fr.pc=0x0000028ec1e43394 relative=0x00000000000001f4
Event: 39.253 Thread 0x0000028f16cb6780 Uncommon trap: reason=bimorphic_or_optimized_type_check action=maybe_recompile pc=0x0000028ec1e43394 method=java.util.Collections.eq(Ljava/lang/Object;Ljava/lang/Object;)Z @ 18 c2
Event: 39.253 Thread 0x0000028f16cb6780 DEOPT PACKING pc=0x0000028ec1e43394 sp=0x000000f080dfe030
Event: 39.253 Thread 0x0000028f16cb6780 DEOPT UNPACKING pc=0x0000028ec1753aa2 sp=0x000000f080dfdf70 mode 2
Event: 39.254 Thread 0x0000028f16cb6780 Uncommon trap: trap_request=0xffffffc6 fr.pc=0x0000028ec1e43394 relative=0x00000000000001f4
Event: 39.254 Thread 0x0000028f16cb6780 Uncommon trap: reason=bimorphic_or_optimized_type_check action=maybe_recompile pc=0x0000028ec1e43394 method=java.util.Collections.eq(Ljava/lang/Object;Ljava/lang/Object;)Z @ 18 c2
Event: 39.254 Thread 0x0000028f16cb6780 DEOPT PACKING pc=0x0000028ec1e43394 sp=0x000000f080dfe190
Event: 39.254 Thread 0x0000028f16cb6780 DEOPT UNPACKING pc=0x0000028ec1753aa2 sp=0x000000f080dfe0d0 mode 2

Classes loaded (20 events):
Event: 38.631 Loading class java/util/concurrent/CompletableFuture$UniApply
Event: 38.631 Loading class java/util/concurrent/CompletableFuture$UniCompletion
Event: 38.632 Loading class java/util/concurrent/CompletableFuture$UniCompletion done
Event: 38.632 Loading class java/util/concurrent/CompletableFuture$UniApply done
Event: 38.633 Loading class java/util/concurrent/CompletableFuture$UniAccept
Event: 38.633 Loading class java/util/concurrent/CompletableFuture$UniAccept done
Event: 38.633 Loading class java/util/concurrent/CompletableFuture$UniExceptionally
Event: 38.633 Loading class java/util/concurrent/CompletableFuture$UniExceptionally done
Event: 38.680 Loading class java/util/regex/PatternSyntaxException
Event: 38.681 Loading class java/util/regex/PatternSyntaxException done
Event: 39.182 Loading class java/util/AbstractList$RandomAccessSubList
Event: 39.182 Loading class java/util/AbstractList$SubList
Event: 39.183 Loading class java/util/AbstractList$SubList done
Event: 39.183 Loading class java/util/AbstractList$RandomAccessSubList done
Event: 39.183 Loading class java/util/AbstractList$SubList$1
Event: 39.183 Loading class java/util/AbstractList$SubList$1 done
Event: 39.242 Loading class java/nio/charset/CharacterCodingException
Event: 39.242 Loading class java/nio/charset/CharacterCodingException done
Event: 39.242 Loading class java/io/SequenceInputStream
Event: 39.242 Loading class java/io/SequenceInputStream done

Classes unloaded (18 events):
Event: 9.374 Thread 0x0000028eb7081e10 Unloading class 0x0000028ecd1a3c00 'java/lang/invoke/LambdaForm$MH+0x0000028ecd1a3c00'
Event: 9.374 Thread 0x0000028eb7081e10 Unloading class 0x0000028ecd1a3800 'java/lang/invoke/LambdaForm$MH+0x0000028ecd1a3800'
Event: 9.374 Thread 0x0000028eb7081e10 Unloading class 0x0000028ecd1a3400 'java/lang/invoke/LambdaForm$MH+0x0000028ecd1a3400'
Event: 9.374 Thread 0x0000028eb7081e10 Unloading class 0x0000028ecd1a3000 'java/lang/invoke/LambdaForm$MH+0x0000028ecd1a3000'
Event: 9.374 Thread 0x0000028eb7081e10 Unloading class 0x0000028ecd1a2c00 'java/lang/invoke/LambdaForm$BMH+0x0000028ecd1a2c00'
Event: 9.374 Thread 0x0000028eb7081e10 Unloading class 0x0000028ecd1a2800 'java/lang/invoke/LambdaForm$DMH+0x0000028ecd1a2800'
Event: 9.374 Thread 0x0000028eb7081e10 Unloading class 0x0000028ecd1a1400 'java/lang/invoke/LambdaForm$DMH+0x0000028ecd1a1400'
Event: 11.854 Thread 0x0000028eb7081e10 Unloading class 0x0000028ecd2d9800 'java/lang/invoke/LambdaForm$MH+0x0000028ecd2d9800'
Event: 11.854 Thread 0x0000028eb7081e10 Unloading class 0x0000028ecd2d8c00 'java/lang/invoke/LambdaForm$MH+0x0000028ecd2d8c00'
Event: 11.854 Thread 0x0000028eb7081e10 Unloading class 0x0000028ecd2d8800 'java/lang/invoke/LambdaForm$MH+0x0000028ecd2d8800'
Event: 11.854 Thread 0x0000028eb7081e10 Unloading class 0x0000028ecd2d7c00 'java/lang/invoke/LambdaForm$DMH+0x0000028ecd2d7c00'
Event: 11.854 Thread 0x0000028eb7081e10 Unloading class 0x0000028ecd2d7400 'java/lang/invoke/LambdaForm$MH+0x0000028ecd2d7400'
Event: 11.854 Thread 0x0000028eb7081e10 Unloading class 0x0000028ecd2d3400 'java/lang/invoke/LambdaForm$MH+0x0000028ecd2d3400'
Event: 11.854 Thread 0x0000028eb7081e10 Unloading class 0x0000028ecd2d2c00 'java/lang/invoke/LambdaForm$MH+0x0000028ecd2d2c00'
Event: 11.854 Thread 0x0000028eb7081e10 Unloading class 0x0000028ecd2d2400 'java/lang/invoke/LambdaForm$MH+0x0000028ecd2d2400'
Event: 11.854 Thread 0x0000028eb7081e10 Unloading class 0x0000028ecd2d2000 'java/lang/invoke/LambdaForm$MH+0x0000028ecd2d2000'
Event: 11.854 Thread 0x0000028eb7081e10 Unloading class 0x0000028ecd2d1400 'java/lang/invoke/LambdaForm$MH+0x0000028ecd2d1400'
Event: 11.854 Thread 0x0000028eb7081e10 Unloading class 0x0000028ecd2d0c00 'java/lang/invoke/LambdaForm$MH+0x0000028ecd2d0c00'

Classes redefined (0 events):
No events

Internal exceptions (20 events):
Event: 24.942 Thread 0x0000028f1266fb20 Exception <a 'sun/nio/fs/WindowsException'{0x00000000eb0f81b0}> (0x00000000eb0f81b0) 
thrown [s\src\hotspot\share\prims\jni.cpp, line 520]
Event: 24.943 Thread 0x0000028f1266fb20 Exception <a 'sun/nio/fs/WindowsException'{0x00000000eb0f9818}> (0x00000000eb0f9818) 
thrown [s\src\hotspot\share\prims\jni.cpp, line 520]
Event: 24.943 Thread 0x0000028f1266fb20 Exception <a 'sun/nio/fs/WindowsException'{0x00000000eb0f9f30}> (0x00000000eb0f9f30) 
thrown [s\src\hotspot\share\prims\jni.cpp, line 520]
Event: 24.974 Thread 0x0000028f1266fb20 Exception <a 'sun/nio/fs/WindowsException'{0x00000000eb228b30}> (0x00000000eb228b30) 
thrown [s\src\hotspot\share\prims\jni.cpp, line 520]
Event: 24.975 Thread 0x0000028f1266fb20 Exception <a 'sun/nio/fs/WindowsException'{0x00000000eb229248}> (0x00000000eb229248) 
thrown [s\src\hotspot\share\prims\jni.cpp, line 520]
Event: 24.976 Thread 0x0000028f1266fb20 Exception <a 'sun/nio/fs/WindowsException'{0x00000000eb229f88}> (0x00000000eb229f88) 
thrown [s\src\hotspot\share\prims\jni.cpp, line 520]
Event: 24.976 Thread 0x0000028f1266fb20 Exception <a 'sun/nio/fs/WindowsException'{0x00000000eb22a6a0}> (0x00000000eb22a6a0) 
thrown [s\src\hotspot\share\prims\jni.cpp, line 520]
Event: 24.977 Thread 0x0000028f1266fb20 Exception <a 'sun/nio/fs/WindowsException'{0x00000000eb22bd08}> (0x00000000eb22bd08) 
thrown [s\src\hotspot\share\prims\jni.cpp, line 520]
Event: 24.977 Thread 0x0000028f1266fb20 Exception <a 'sun/nio/fs/WindowsException'{0x00000000eb22c420}> (0x00000000eb22c420) 
thrown [s\src\hotspot\share\prims\jni.cpp, line 520]
Event: 38.299 Thread 0x0000028f126701b0 Exception <a 'sun/nio/fs/WindowsException'{0x00000000eab11fe8}> (0x00000000eab11fe8) 
thrown [s\src\hotspot\share\prims\jni.cpp, line 520]
Event: 38.688 Thread 0x0000028f15b14440 Exception <a 'sun/nio/fs/WindowsException'{0x00000000eab6a988}> (0x00000000eab6a988) 
thrown [s\src\hotspot\share\prims\jni.cpp, line 520]
Event: 38.688 Thread 0x0000028f15b14440 Exception <a 'sun/nio/fs/WindowsException'{0x00000000eab6b370}> (0x00000000eab6b370) 
thrown [s\src\hotspot\share\prims\jni.cpp, line 520]
Event: 38.689 Thread 0x0000028f15b14440 Exception <a 'sun/nio/fs/WindowsException'{0x00000000eab7caa0}> (0x00000000eab7caa0) 
thrown [s\src\hotspot\share\prims\jni.cpp, line 520]
Event: 38.689 Thread 0x0000028f15b14440 Exception <a 'sun/nio/fs/WindowsException'{0x00000000eab7d468}> (0x00000000eab7d468) 
thrown [s\src\hotspot\share\prims\jni.cpp, line 520]
Event: 38.689 Thread 0x0000028f15b14440 Exception <a 'sun/nio/fs/WindowsException'{0x00000000eab8f4f0}> (0x00000000eab8f4f0) 
thrown [s\src\hotspot\share\prims\jni.cpp, line 520]
Event: 38.689 Thread 0x0000028f15b14440 Exception <a 'sun/nio/fs/WindowsException'{0x00000000eaba30b0}> (0x00000000eaba30b0) 
thrown [s\src\hotspot\share\prims\jni.cpp, line 520]
Event: 39.203 Thread 0x0000028f16cb6780 Exception <a 'java/lang/NoSuchMethodError'{0x00000000eabb07a8}: 'java.lang.Object java.lang.invoke.DirectMethodHandle$Holder.invokeStatic(java.lang.Object, java.lang.Object, int, java.lang.Object)'> (0x00000000eabb07a8) 
thrown [s\src\hotspot\share\interpreter\linkResolver.cpp, line 773]
Event: 39.204 Thread 0x0000028f16cb6780 Exception <a 'java/lang/NoSuchMethodError'{0x00000000eabb8c60}: 'java.lang.Object java.lang.invoke.DirectMethodHandle$Holder.newInvokeSpecial(java.lang.Object, java.lang.Object, int)'> (0x00000000eabb8c60) 
thrown [s\src\hotspot\share\interpreter\linkResolver.cpp, line 773]
Event: 39.272 Thread 0x0000028f16cb6780 Exception <a 'java/io/FileNotFoundException'{0x00000000eab3d038}> (0x00000000eab3d038) 
thrown [s\src\hotspot\share\prims\jni.cpp, line 520]
Event: 39.273 Thread 0x0000028f16cb6780 Exception <a 'java/io/FileNotFoundException'{0x00000000eab3e298}> (0x00000000eab3e298) 
thrown [s\src\hotspot\share\prims\jni.cpp, line 520]

ZGC Phase Switch (0 events):
No events

VM Operations (20 events):
Event: 38.647 Executing VM operation: ParallelGCFailedAllocation (Allocation Failure)
Event: 38.649 Executing VM operation: ParallelGCFailedAllocation (Allocation Failure) done
Event: 38.663 Executing VM operation: ParallelGCFailedAllocation (Allocation Failure)
Event: 38.666 Executing VM operation: ParallelGCFailedAllocation (Allocation Failure) done
Event: 38.677 Executing VM operation: ParallelGCFailedAllocation (Allocation Failure)
Event: 38.679 Executing VM operation: ParallelGCFailedAllocation (Allocation Failure) done
Event: 38.692 Executing VM operation: ParallelGCFailedAllocation (Allocation Failure)
Event: 38.694 Executing VM operation: ParallelGCFailedAllocation (Allocation Failure) done
Event: 38.701 Executing VM operation: ParallelGCFailedAllocation (Allocation Failure)
Event: 38.705 Executing VM operation: ParallelGCFailedAllocation (Allocation Failure) done
Event: 38.709 Executing VM operation: HandshakeAllThreads (Deoptimize)
Event: 38.709 Executing VM operation: HandshakeAllThreads (Deoptimize) done
Event: 39.157 Executing VM operation: ParallelGCFailedAllocation (Allocation Failure)
Event: 39.160 Executing VM operation: ParallelGCFailedAllocation (Allocation Failure) done
Event: 39.218 Executing VM operation: ParallelGCFailedAllocation (Allocation Failure)
Event: 39.220 Executing VM operation: ParallelGCFailedAllocation (Allocation Failure) done
Event: 39.244 Executing VM operation: ParallelGCFailedAllocation (Allocation Failure)
Event: 39.246 Executing VM operation: ParallelGCFailedAllocation (Allocation Failure) done
Event: 39.265 Executing VM operation: ParallelGCFailedAllocation (Allocation Failure)
Event: 39.267 Executing VM operation: ParallelGCFailedAllocation (Allocation Failure) done

Memory protections (0 events):
No events

Nmethod flushes (20 events):
Event: 24.713 Thread 0x0000028eb7081e10 flushing  nmethod 0x0000028ebaad7610
Event: 24.713 Thread 0x0000028eb7081e10 flushing  nmethod 0x0000028ebaad8810
Event: 24.713 Thread 0x0000028eb7081e10 flushing  nmethod 0x0000028ebaad9710
Event: 24.713 Thread 0x0000028eb7081e10 flushing  nmethod 0x0000028ebaada010
Event: 24.713 Thread 0x0000028eb7081e10 flushing  nmethod 0x0000028ebaada390
Event: 24.713 Thread 0x0000028eb7081e10 flushing  nmethod 0x0000028ebaada890
Event: 24.713 Thread 0x0000028eb7081e10 flushing  nmethod 0x0000028ebaadad10
Event: 24.713 Thread 0x0000028eb7081e10 flushing  nmethod 0x0000028ebaadd010
Event: 24.713 Thread 0x0000028eb7081e10 flushing  nmethod 0x0000028ebaadd510
Event: 24.713 Thread 0x0000028eb7081e10 flushing  nmethod 0x0000028ebaaddd10
Event: 24.713 Thread 0x0000028eb7081e10 flushing  nmethod 0x0000028ebaae9b90
Event: 24.713 Thread 0x0000028eb7081e10 flushing  nmethod 0x0000028ebaaeb010
Event: 24.713 Thread 0x0000028eb7081e10 flushing  nmethod 0x0000028ebaaece10
Event: 24.713 Thread 0x0000028eb7081e10 flushing  nmethod 0x0000028ebaaed410
Event: 24.713 Thread 0x0000028eb7081e10 flushing  nmethod 0x0000028ebaaedc90
Event: 24.713 Thread 0x0000028eb7081e10 flushing  nmethod 0x0000028ebaaf7d10
Event: 24.713 Thread 0x0000028eb7081e10 flushing  nmethod 0x0000028ebaafe090
Event: 24.713 Thread 0x0000028eb7081e10 flushing  nmethod 0x0000028ebab02510
Event: 24.713 Thread 0x0000028eb7081e10 flushing  nmethod 0x0000028ebab32090
Event: 24.713 Thread 0x0000028eb7081e10 flushing  nmethod 0x0000028ebab35890

Events (20 events):
Event: 20.506 Thread 0x0000028ecb3c0800 Thread added: 0x0000028f14e2e010
Event: 21.005 Thread 0x0000028f14e2e010 Thread exited: 0x0000028f14e2e010
Event: 22.141 Thread 0x0000028f12c52a10 Thread exited: 0x0000028f12c52a10
Event: 22.359 Thread 0x0000028ecb3c0800 Thread added: 0x0000028f12c52a10
Event: 22.726 Thread 0x0000028f15b14440 Thread exited: 0x0000028f15b14440
Event: 22.753 Thread 0x0000028ecb3c0800 Thread added: 0x0000028f14e2e010
Event: 23.266 Thread 0x0000028f14e2e010 Thread exited: 0x0000028f14e2e010
Event: 23.527 Thread 0x0000028f12670840 Thread added: 0x0000028f15b13090
Event: 23.677 Thread 0x0000028f12c52a10 Thread exited: 0x0000028f12c52a10
Event: 25.839 Thread 0x0000028ecb3c0800 Thread added: 0x0000028f12c52a10
Event: 29.145 Thread 0x0000028f12c52a10 Thread exited: 0x0000028f12c52a10
Event: 32.745 Thread 0x0000028ecb3c0800 Thread added: 0x0000028f14e2e010
Event: 33.522 Thread 0x0000028f14e2e010 Thread exited: 0x0000028f14e2e010
Event: 38.633 Thread 0x0000028f16cb74a0 Thread added: 0x0000028f15b14440
Event: 38.634 Thread 0x0000028f12670ed0 Thread added: 0x0000028f15b16ba0
Event: 38.634 Thread 0x0000028f16cb74a0 Thread added: 0x0000028f15b19300
Event: 38.635 Thread 0x0000028f15b19300 Thread added: 0x0000028f15b15e80
Event: 38.635 Thread 0x0000028f15b16ba0 Thread added: 0x0000028f15b15160
Event: 38.639 Thread 0x0000028f15b15e80 Thread added: 0x0000028f15b157f0
Event: 38.639 Thread 0x0000028f15b15160 Thread added: 0x0000028f15b16510


Dynamic libraries:
0x00007ff7d81b0000 - 0x00007ff7d81be000 	c:\Users\dell\.vscode\extensions\redhat.java-1.42.0-win32-x64\jre\21.0.7-win32-x86_64\bin\java.exe
0x00007ffcc8930000 - 0x00007ffcc8b47000 	C:\WINDOWS\SYSTEM32\ntdll.dll
0x00007ffcc86b0000 - 0x00007ffcc8774000 	C:\WINDOWS\System32\KERNEL32.DLL
0x00007ffcc5a20000 - 0x00007ffcc5df2000 	C:\WINDOWS\System32\KERNELBASE.dll
0x00007ffcc5ea0000 - 0x00007ffcc5fb1000 	C:\WINDOWS\System32\ucrtbase.dll
0x00007ffcabb30000 - 0x00007ffcabb48000 	c:\Users\dell\.vscode\extensions\redhat.java-1.42.0-win32-x64\jre\21.0.7-win32-x86_64\bin\jli.dll
0x00007ffcabb10000 - 0x00007ffcabb2e000 	c:\Users\dell\.vscode\extensions\redhat.java-1.42.0-win32-x64\jre\21.0.7-win32-x86_64\bin\VCRUNTIME140.dll
0x00007ffcc77f0000 - 0x00007ffcc79a1000 	C:\WINDOWS\System32\USER32.dll
0x00007ffcc60f0000 - 0x00007ffcc6116000 	C:\WINDOWS\System32\win32u.dll
0x00007ffcaec90000 - 0x00007ffcaef2b000 	C:\WINDOWS\WinSxS\amd64_microsoft.windows.common-controls_6595b64144ccf1df_6.0.22621.5415_none_270d77d17387d7da\COMCTL32.dll
0x00007ffcc7ca0000 - 0x00007ffcc7cc9000 	C:\WINDOWS\System32\GDI32.dll
0x00007ffcc6ba0000 - 0x00007ffcc6c47000 	C:\WINDOWS\System32\msvcrt.dll
0x00007ffcc5fc0000 - 0x00007ffcc60e3000 	C:\WINDOWS\System32\gdi32full.dll
0x00007ffcc5e00000 - 0x00007ffcc5e9a000 	C:\WINDOWS\System32\msvcp_win.dll
0x00007ffcc77b0000 - 0x00007ffcc77e1000 	C:\WINDOWS\System32\IMM32.DLL
0x00007ffcbdb50000 - 0x00007ffcbdb5c000 	c:\Users\dell\.vscode\extensions\redhat.java-1.42.0-win32-x64\jre\21.0.7-win32-x86_64\bin\vcruntime140_1.dll
0x00007ffca9ae0000 - 0x00007ffca9b6d000 	c:\Users\dell\.vscode\extensions\redhat.java-1.42.0-win32-x64\jre\21.0.7-win32-x86_64\bin\msvcp140.dll
0x00007ffc6beb0000 - 0x00007ffc6cc40000 	c:\Users\dell\.vscode\extensions\redhat.java-1.42.0-win32-x64\jre\21.0.7-win32-x86_64\bin\server\jvm.dll
0x00007ffcc6ad0000 - 0x00007ffcc6b81000 	C:\WINDOWS\System32\ADVAPI32.dll
0x00007ffcc6850000 - 0x00007ffcc68f8000 	C:\WINDOWS\System32\sechost.dll
0x00007ffcc6510000 - 0x00007ffcc6538000 	C:\WINDOWS\System32\bcrypt.dll
0x00007ffcc7290000 - 0x00007ffcc73a4000 	C:\WINDOWS\System32\RPCRT4.dll
0x00007ffcc70d0000 - 0x00007ffcc7141000 	C:\WINDOWS\System32\WS2_32.dll
0x00007ffcc4860000 - 0x00007ffcc48ad000 	C:\WINDOWS\SYSTEM32\POWRPROF.dll
0x00007ffcbdec0000 - 0x00007ffcbdef4000 	C:\WINDOWS\SYSTEM32\WINMM.dll
0x00007ffcbe830000 - 0x00007ffcbe83a000 	C:\WINDOWS\SYSTEM32\VERSION.dll
0x00007ffcc4840000 - 0x00007ffcc4853000 	C:\WINDOWS\SYSTEM32\UMPDC.dll
0x00007ffcc4b00000 - 0x00007ffcc4b18000 	C:\WINDOWS\SYSTEM32\kernel.appcore.dll
0x00007ffcb9580000 - 0x00007ffcb958a000 	c:\Users\dell\.vscode\extensions\redhat.java-1.42.0-win32-x64\jre\21.0.7-win32-x86_64\bin\jimage.dll
0x00007ffcc2de0000 - 0x00007ffcc3013000 	C:\WINDOWS\SYSTEM32\DBGHELP.DLL
0x00007ffcc7410000 - 0x00007ffcc77a3000 	C:\WINDOWS\System32\combase.dll
0x00007ffcc7bc0000 - 0x00007ffcc7c97000 	C:\WINDOWS\System32\OLEAUT32.dll
0x00007ffcad170000 - 0x00007ffcad1a2000 	C:\WINDOWS\SYSTEM32\dbgcore.DLL
0x00007ffcc6540000 - 0x00007ffcc65bb000 	C:\WINDOWS\System32\bcryptPrimitives.dll
0x00007ffcbdbc0000 - 0x00007ffcbdbcf000 	c:\Users\dell\.vscode\extensions\redhat.java-1.42.0-win32-x64\jre\21.0.7-win32-x86_64\bin\instrument.dll
0x00007ffcab6b0000 - 0x00007ffcab6cf000 	c:\Users\dell\.vscode\extensions\redhat.java-1.42.0-win32-x64\jre\21.0.7-win32-x86_64\bin\java.dll
0x00007ffcc7d70000 - 0x00007ffcc8612000 	C:\WINDOWS\System32\SHELL32.dll
0x00007ffcc6290000 - 0x00007ffcc63cf000 	C:\WINDOWS\System32\wintypes.dll
0x00007ffcc3910000 - 0x00007ffcc422e000 	C:\WINDOWS\SYSTEM32\windows.storage.dll
0x00007ffcc7150000 - 0x00007ffcc725b000 	C:\WINDOWS\System32\SHCORE.dll
0x00007ffcc7cf0000 - 0x00007ffcc7d59000 	C:\WINDOWS\System32\shlwapi.dll
0x00007ffcc5950000 - 0x00007ffcc597b000 	C:\WINDOWS\SYSTEM32\profapi.dll
0x00007ffcab690000 - 0x00007ffcab6a8000 	c:\Users\dell\.vscode\extensions\redhat.java-1.42.0-win32-x64\jre\21.0.7-win32-x86_64\bin\zip.dll
0x00007ffcac180000 - 0x00007ffcac190000 	C:\Users\dell\.vscode\extensions\redhat.java-1.42.0-win32-x64\jre\21.0.7-win32-x86_64\bin\net.dll
0x00007ffcbdd90000 - 0x00007ffcbdebc000 	C:\WINDOWS\SYSTEM32\WINHTTP.dll
0x00007ffcc4f70000 - 0x00007ffcc4fd9000 	C:\WINDOWS\system32\mswsock.dll
0x00007ffcab4a0000 - 0x00007ffcab4b6000 	C:\Users\dell\.vscode\extensions\redhat.java-1.42.0-win32-x64\jre\21.0.7-win32-x86_64\bin\nio.dll
0x00007ffcbdbb0000 - 0x00007ffcbdbc0000 	c:\Users\dell\.vscode\extensions\redhat.java-1.42.0-win32-x64\jre\21.0.7-win32-x86_64\bin\verify.dll
0x00007ffc9c1c0000 - 0x00007ffc9c205000 	C:\Users\dell\AppData\Roaming\Code\User\globalStorage\redhat.java\1.42.0\config_win\org.eclipse.equinox.launcher\org.eclipse.equinox.launcher.win32.win32.x86_64_1.2.1300.v20250331-1702\eclipse_11911.dll
0x00007ffcc66b0000 - 0x00007ffcc6850000 	C:\WINDOWS\System32\ole32.dll
0x00007ffcc52c0000 - 0x00007ffcc52db000 	C:\WINDOWS\SYSTEM32\CRYPTSP.dll
0x00007ffcc4a60000 - 0x00007ffcc4a97000 	C:\WINDOWS\system32\rsaenh.dll
0x00007ffcc5010000 - 0x00007ffcc5038000 	C:\WINDOWS\SYSTEM32\USERENV.dll
0x00007ffcc52a0000 - 0x00007ffcc52ac000 	C:\WINDOWS\SYSTEM32\CRYPTBASE.dll
0x00007ffcc4500000 - 0x00007ffcc452d000 	C:\WINDOWS\SYSTEM32\IPHLPAPI.DLL
0x00007ffcc7260000 - 0x00007ffcc7269000 	C:\WINDOWS\System32\NSI.dll
0x00007ffc81360000 - 0x00007ffc813a9000 	C:\Users\dell\AppData\Local\Temp\jna-3079617\jna1680920509491651399.dll
0x00007ffcc6b90000 - 0x00007ffcc6b98000 	C:\WINDOWS\System32\PSAPI.DLL
0x00007ffcbe100000 - 0x00007ffcbe119000 	C:\WINDOWS\SYSTEM32\dhcpcsvc6.DLL
0x00007ffcbda40000 - 0x00007ffcbda5f000 	C:\WINDOWS\SYSTEM32\dhcpcsvc.DLL
0x00007ffc03aa0000 - 0x00007ffc03ac7000 	C:\Users\dell\.gradle\native\1def1411415f61bf3af743bc5b6707747c0891f09f0c88961ee8f79bc544acac\windows-amd64\native-platform.dll
0x00007ffca9720000 - 0x00007ffca972a000 	C:\Users\dell\.vscode\extensions\redhat.java-1.42.0-win32-x64\jre\21.0.7-win32-x86_64\bin\management.dll
0x00007ffca63b0000 - 0x00007ffca63bb000 	C:\Users\dell\.vscode\extensions\redhat.java-1.42.0-win32-x64\jre\21.0.7-win32-x86_64\bin\management_ext.dll

dbghelp: loaded successfully - version: 4.0.5 - missing functions: none
symbol engine: initialized successfully - sym options: 0x614 - pdb path: .;c:\Users\dell\.vscode\extensions\redhat.java-1.42.0-win32-x64\jre\21.0.7-win32-x86_64\bin;C:\WINDOWS\SYSTEM32;C:\WINDOWS\WinSxS\amd64_microsoft.windows.common-controls_6595b64144ccf1df_6.0.22621.5415_none_270d77d17387d7da;c:\Users\dell\.vscode\extensions\redhat.java-1.42.0-win32-x64\jre\21.0.7-win32-x86_64\bin\server;C:\Users\dell\AppData\Roaming\Code\User\globalStorage\redhat.java\1.42.0\config_win\org.eclipse.equinox.launcher\org.eclipse.equinox.launcher.win32.win32.x86_64_1.2.1300.v20250331-1702;C:\Users\dell\AppData\Local\Temp\jna-3079617;C:\Users\dell\.gradle\native\1def1411415f61bf3af743bc5b6707747c0891f09f0c88961ee8f79bc544acac\windows-amd64

VM Arguments:
jvm_args: --add-modules=ALL-SYSTEM --add-opens=java.base/java.util=ALL-UNNAMED --add-opens=java.base/java.lang=ALL-UNNAMED --add-opens=java.base/sun.nio.fs=ALL-UNNAMED -Declipse.application=org.eclipse.jdt.ls.core.id1 -Dosgi.bundles.defaultStartLevel=4 -Declipse.product=org.eclipse.jdt.ls.core.product -Djava.import.generatesMetadataFilesAtProjectRoot=false -DDetectVMInstallationsJob.disabled=true -Dfile.encoding=utf8 -XX:+UseParallelGC -XX:GCTimeRatio=4 -XX:AdaptiveSizePolicyWeight=90 -Dsun.zip.disableMemoryMapping=true -Xmx1G -Xms100m -Xlog:disable -javaagent:c:\Users\dell\.vscode\extensions\redhat.java-1.42.0-win32-x64\lombok\lombok-1.18.36.jar -XX:+HeapDumpOnOutOfMemoryError -XX:HeapDumpPath=c:\Users\dell\AppData\Roaming\Code\User\workspaceStorage\f2b637192a8c9c9bbaddc33a9cc72aeb\redhat.java -Daether.dependencyCollector.impl=bf 
java_command: c:\Users\dell\.vscode\extensions\redhat.java-1.42.0-win32-x64\server\plugins\org.eclipse.equinox.launcher_1.7.0.v20250424-1814.jar -configuration c:\Users\dell\AppData\Roaming\Code\User\globalStorage\redhat.java\1.42.0\config_win -data c:\Users\dell\AppData\Roaming\Code\User\workspaceStorage\f2b637192a8c9c9bbaddc33a9cc72aeb\redhat.java\jdt_ws --pipe=\\.\pipe\lsp-13e82ba8e1b6725053aed2b64137a2d0-sock
java_class_path (initial): c:\Users\dell\.vscode\extensions\redhat.java-1.42.0-win32-x64\server\plugins\org.eclipse.equinox.launcher_1.7.0.v20250424-1814.jar
Launcher Type: SUN_STANDARD

[Global flags]
    uintx AdaptiveSizePolicyWeight                 = 90                                        {product} {command line}
     intx CICompilerCount                          = 4                                         {product} {ergonomic}
    uintx GCTimeRatio                              = 4                                         {product} {command line}
     bool HeapDumpOnOutOfMemoryError               = true                                   {manageable} {command line}
    ccstr HeapDumpPath                             = c:\Users\dell\AppData\Roaming\Code\User\workspaceStorage\f2b637192a8c9c9bbaddc33a9cc72aeb\redhat.java         {manageable} {command line}
   size_t InitialHeapSize                          = 104857600                                 {product} {command line}
   size_t MaxHeapSize                              = 1073741824                                {product} {command line}
   size_t MaxNewSize                               = 357564416                                 {product} {ergonomic}
   size_t MinHeapDeltaBytes                        = 524288                                    {product} {ergonomic}
   size_t MinHeapSize                              = 104857600                                 {product} {command line}
   size_t NewSize                                  = 34603008                                  {product} {ergonomic}
    uintx NonNMethodCodeHeapSize                   = 5839372                                {pd product} {ergonomic}
    uintx NonProfiledCodeHeapSize                  = 122909434                              {pd product} {ergonomic}
   size_t OldSize                                  = 70254592                                  {product} {ergonomic}
    uintx ProfiledCodeHeapSize                     = 122909434                              {pd product} {ergonomic}
    uintx ReservedCodeCacheSize                    = 251658240                              {pd product} {ergonomic}
     bool SegmentedCodeCache                       = true                                      {product} {ergonomic}
   size_t SoftMaxHeapSize                          = 1073741824                             {manageable} {ergonomic}
     bool UseCompressedOops                        = true                           {product lp64_product} {ergonomic}
     bool UseLargePagesIndividualAllocation        = false                                  {pd product} {ergonomic}
     bool UseParallelGC                            = true                                      {product} {command line}

Logging:
Log output configuration:
 #0: stdout all=off uptime,level,tags foldmultilines=false
 #1: stderr all=off uptime,level,tags foldmultilines=false

Environment Variables:
JAVA_HOME=C:\Program Files\Eclipse Adoptium\jdk-17.0.15.6-hotspot
PATH=C:\Program Files\Eclipse Adoptium\jdk-17.0.15.6-hotspot\bin;C:\Program Files\Common Files\Oracle\Java\javapath;C:\Windows\System32;C:\Windows;C:\Users\dell\AppData\Local\Android\Sdk;C:\Windows\System32\WindowsPowerShell\v1.0\;C:\Gradle\gradle-7.6\bin;C:\Program Files\Git\cmd;C:\Users\dell\AppData\Local\Pub\Cache\bin;C:\Users\dell\AppData\Local\Android\Sdk\cmdline-tools\latest\bin;C:\Program Files\Eclipse Adoptium\jdk-17.0.15.6-hotspot\bin;C:\Program Files\Docker\Docker\resources\bin;C:\src\flutter\bin;C:\Users\dell\AppData\Local\Android\Sdk\ndk\;C:\Users\dell\AppData\Local\Programs\Python\Python313\Scripts\;C:\Users\dell\AppData\Local\Programs\Python\Python313\;C:\Program Files\MySQL\MySQL Shell 8.0\bin\;C:\Users\dell\AppData\Local\Microsoft\WindowsApps;C:\Users\dell\AppData\Local\Programs\Microsoft VS Code\bin;C:\PHP;C:\xampp\php;C:\Users\dell\AppData\Local\ComposerSetup\bin;C:\Users\dell\AppData\Roaming\Composer\vendor\bin;C:\Users\dell\AppData\Local\Microsoft\WinGet\Packages\Schniz.fnm_Microsoft.Winget.Source_8wekyb3d8bbwe;C:\Users\dell\AppData\Roaming\nvm;C:\Program Files\nodejs;C:\Users\dell\AppData\Roaming\npm;C:\src\flutter\bin;C:\Users\dell\.dotnet\tools;C:\Program Files\JetBrains\PyCharm 2024.3.1.1\bin;;C:\Program Files\Eclipse Adoptium\jdk-17.0.15.6-hotspot\bin;
USERNAME=dell
OS=Windows_NT
PROCESSOR_IDENTIFIER=Intel64 Family 6 Model 142 Stepping 10, GenuineIntel
TMP=C:\Users\dell\AppData\Local\Temp
TEMP=C:\Users\dell\AppData\Local\Temp




Periodic native trim disabled

---------------  S Y S T E M  ---------------

OS:
 Windows 11 , 64 bit Build 22621 (10.0.22621.5415)
OS uptime: 0 days 0:17 hours
Hyper-V role detected

CPU: total 8 (initial active 8) (4 cores per cpu, 2 threads per core) family 6 model 142 stepping 10 microcode 0xf4, cx8, cmov, fxsr, ht, mmx, 3dnowpref, sse, sse2, sse3, ssse3, sse4.1, sse4.2, popcnt, lzcnt, tsc, tscinvbit, avx, avx2, aes, erms, clmul, bmi1, bmi2, rtm, adx, fma, vzeroupper, clflush, clflushopt, hv, rdtscp, f16c
Processor Information for the first 8 processors :
  Max Mhz: 1896, Current Mhz: 1696, Mhz Limit: 1687

Memory: 4k page, system-wide physical 16242M (81M free)
TotalPageFile size 21862M (AvailPageFile size 8M)
current process WorkingSet (physical memory assigned to process): 731M, peak: 731M
current process commit charge ("private bytes"): 654M, peak: 654M

vm_info: OpenJDK 64-Bit Server VM (21.0.7+6-LTS) for windows-amd64 JRE (21.0.7+6-LTS), built on 2025-04-15T00:00:00Z by "admin" with MS VC++ 17.7 (VS2022)

END.
