#
# There is insufficient memory for the Java Runtime Environment to continue.
# Native memory allocation (mmap) failed to map 266338304 bytes. Error detail: G1 virtual space
# Possible reasons:
#   The system is out of physical RAM or swap space
#   This process is running with CompressedOops enabled, and the Java Heap may be blocking the growth of the native heap
# Possible solutions:
#   Reduce memory load on the system
#   Increase physical memory or swap space
#   Check if swap backing store is full
#   Decrease Java heap size (-Xmx/-Xms)
#   Decrease number of Java threads
#   Decrease Java thread stack sizes (-Xss)
#   Set larger code cache with -XX:ReservedCodeCacheSize=
#   JVM is running with Zero Based Compressed Oops mode in which the Java heap is
#     placed in the first 32GB address space. The Java Heap base address is the
#     maximum limit for the native heap growth. Please use -XX:HeapBaseMinAddress
#     to set the Java Heap base and to place the Java Heap above 32GB virtual address.
# This output file may be truncated or incomplete.
#
#  Out of Memory Error (os_windows.cpp:3618), pid=20640, tid=20852
#
# JRE version:  (17.0.15+6) (build )
# Java VM: OpenJDK 64-Bit Server VM (17.0.15+6, mixed mode, sharing, tiered, compressed oops, compressed class ptrs, g1 gc, windows-amd64)
# No core dump will be written. Minidumps are not enabled by default on client versions of Windows
#

---------------  S U M M A R Y ------------

Command Line: 

Host: Intel(R) Core(TM) i5-8350U CPU @ 1.70GHz, 8 cores, 15G,  Windows 11 , 64 bit Build 22621 (10.0.22621.5415)
Time: Tue Jun 17 01:01:12 2025 Pacific Daylight Time elapsed time: 0.023770 seconds (0d 0h 0m 0s)

---------------  T H R E A D  ---------------

Current thread (0x0000023a7842ae00):  JavaThread "Unknown thread" [_thread_in_vm, id=20852, stack(0x00000074fa000000,0x00000074fa100000)]

Stack: [0x00000074fa000000,0x00000074fa100000]
Native frames: (J=compiled Java code, j=interpreted, Vv=VM code, C=native code)
V  [jvm.dll+0x682fc9]
V  [jvm.dll+0x839878]
V  [jvm.dll+0x83b323]
V  [jvm.dll+0x83b993]
V  [jvm.dll+0x24725f]
V  [jvm.dll+0x67fda9]
V  [jvm.dll+0x674c9a]
V  [jvm.dll+0x304d06]
V  [jvm.dll+0x30c1c6]
V  [jvm.dll+0x35dd4e]
V  [jvm.dll+0x35df8d]
V  [jvm.dll+0x2dc0cc]
V  [jvm.dll+0x2dcfe4]
V  [jvm.dll+0x80b7cb]
V  [jvm.dll+0x36b781]
V  [jvm.dll+0x7ea31f]
V  [jvm.dll+0x3f237e]
V  [jvm.dll+0x3f3eb1]
C  [jli.dll+0x5278]
C  [ucrtbase.dll+0x29333]
C  [KERNEL32.DLL+0x1259d]
C  [ntdll.dll+0x5af78]


---------------  P R O C E S S  ---------------

Threads class SMR info:
_java_thread_list=0x00007ffc76627f58, length=0, elements={
}

Java Threads: ( => current thread )

Other Threads:
  0x0000023a7849a730 GCTaskThread "GC Thread#0" [stack: 0x00000074fa100000,0x00000074fa200000] [id=20856]
  0x0000023a784ab350 ConcurrentGCThread "G1 Main Marker" [stack: 0x00000074fa200000,0x00000074fa300000] [id=20860]
  0x0000023a784ac410 ConcurrentGCThread "G1 Conc#0" [stack: 0x00000074fa300000,0x00000074fa400000] [id=20864]

[error occurred during error reporting (printing all threads), id 0xc0000005, EXCEPTION_ACCESS_VIOLATION (0xc0000005) at pc=0x00007ffc75ddcbf7]

VM state: not at safepoint (not fully initialized)

VM Mutex/Monitor currently owned by a thread:  ([mutex/lock_event])
[0x0000023a78427940] Heap_lock - owner thread: 0x0000023a7842ae00

Heap address: 0x0000000702200000, size: 4062 MB, Compressed Oops mode: Zero based, Oop shift amount: 3

CDS archive(s) mapped at: [0x0000000000000000-0x0000000000000000-0x0000000000000000), size 0, SharedBaseAddress: 0x0000000800000000, ArchiveRelocationMode: 1.
Narrow klass base: 0x0000000000000000, Narrow klass shift: 0, Narrow klass range: 0x0

GC Precious Log:
<Empty>

Heap:
 garbage-first heap   total 0K, used 0K [0x0000000702200000, 0x0000000800000000)
  region size 2048K, 0 young (0K), 0 survivors (0K)

[error occurred during error reporting (printing heap information), id 0xc0000005, EXCEPTION_ACCESS_VIOLATION (0xc0000005) at pc=0x00007ffc761cc689]

GC Heap History (0 events):
No events

Dll operation events (1 events):
Event: 0.012 Loaded shared library C:\Program Files\Eclipse Adoptium\jdk-17.0.15.6-hotspot\bin\java.dll

Deoptimization events (0 events):
No events

Classes loaded (0 events):
No events

Classes unloaded (0 events):
No events

Classes redefined (0 events):
No events

Internal exceptions (0 events):
No events

VM Operations (0 events):
No events

Memory protections (0 events):
No events

Nmethod flushes (0 events):
No events

Events (0 events):
No events


Dynamic libraries:
0x00007ff66f960000 - 0x00007ff66f96e000 	C:\Program Files\Eclipse Adoptium\jdk-17.0.15.6-hotspot\bin\java.exe
0x00007ffcc8930000 - 0x00007ffcc8b47000 	C:\WINDOWS\SYSTEM32\ntdll.dll
0x00007ffcc86b0000 - 0x00007ffcc8774000 	C:\WINDOWS\System32\KERNEL32.DLL
0x00007ffcc5a20000 - 0x00007ffcc5df2000 	C:\WINDOWS\System32\KERNELBASE.dll
0x00007ffcc5ea0000 - 0x00007ffcc5fb1000 	C:\WINDOWS\System32\ucrtbase.dll
0x00007ffca9a30000 - 0x00007ffca9a4e000 	C:\Program Files\Eclipse Adoptium\jdk-17.0.15.6-hotspot\bin\VCRUNTIME140.dll
0x00007ffca9ac0000 - 0x00007ffca9ad7000 	C:\Program Files\Eclipse Adoptium\jdk-17.0.15.6-hotspot\bin\jli.dll
0x00007ffcc77f0000 - 0x00007ffcc79a1000 	C:\WINDOWS\System32\USER32.dll
0x00007ffcc60f0000 - 0x00007ffcc6116000 	C:\WINDOWS\System32\win32u.dll
0x00007ffcaec90000 - 0x00007ffcaef2b000 	C:\WINDOWS\WinSxS\amd64_microsoft.windows.common-controls_6595b64144ccf1df_6.0.22621.5415_none_270d77d17387d7da\COMCTL32.dll
0x00007ffcc7ca0000 - 0x00007ffcc7cc9000 	C:\WINDOWS\System32\GDI32.dll
0x00007ffcc6ba0000 - 0x00007ffcc6c47000 	C:\WINDOWS\System32\msvcrt.dll
0x00007ffcc5fc0000 - 0x00007ffcc60e3000 	C:\WINDOWS\System32\gdi32full.dll
0x00007ffcc5e00000 - 0x00007ffcc5e9a000 	C:\WINDOWS\System32\msvcp_win.dll
0x00007ffcc77b0000 - 0x00007ffcc77e1000 	C:\WINDOWS\System32\IMM32.DLL
0x00007ffcab5d0000 - 0x00007ffcab5dc000 	C:\Program Files\Eclipse Adoptium\jdk-17.0.15.6-hotspot\bin\vcruntime140_1.dll
0x00007ffc81450000 - 0x00007ffc814dd000 	C:\Program Files\Eclipse Adoptium\jdk-17.0.15.6-hotspot\bin\msvcp140.dll
0x00007ffc75af0000 - 0x00007ffc7675b000 	C:\Program Files\Eclipse Adoptium\jdk-17.0.15.6-hotspot\bin\server\jvm.dll
0x00007ffcc6ad0000 - 0x00007ffcc6b81000 	C:\WINDOWS\System32\ADVAPI32.dll
0x00007ffcc6850000 - 0x00007ffcc68f8000 	C:\WINDOWS\System32\sechost.dll
0x00007ffcc6510000 - 0x00007ffcc6538000 	C:\WINDOWS\System32\bcrypt.dll
0x00007ffcc7290000 - 0x00007ffcc73a4000 	C:\WINDOWS\System32\RPCRT4.dll
0x00007ffcc70d0000 - 0x00007ffcc7141000 	C:\WINDOWS\System32\WS2_32.dll
0x00007ffcc4860000 - 0x00007ffcc48ad000 	C:\WINDOWS\SYSTEM32\POWRPROF.dll
0x00007ffcbdec0000 - 0x00007ffcbdef4000 	C:\WINDOWS\SYSTEM32\WINMM.dll
0x00007ffcbe830000 - 0x00007ffcbe83a000 	C:\WINDOWS\SYSTEM32\VERSION.dll
0x00007ffcc4840000 - 0x00007ffcc4853000 	C:\WINDOWS\SYSTEM32\UMPDC.dll
0x00007ffcc4b00000 - 0x00007ffcc4b18000 	C:\WINDOWS\SYSTEM32\kernel.appcore.dll
0x00007ffca9710000 - 0x00007ffca971a000 	C:\Program Files\Eclipse Adoptium\jdk-17.0.15.6-hotspot\bin\jimage.dll
0x00007ffcc2de0000 - 0x00007ffcc3013000 	C:\WINDOWS\SYSTEM32\DBGHELP.DLL
0x00007ffcc7410000 - 0x00007ffcc77a3000 	C:\WINDOWS\System32\combase.dll
0x00007ffcc7bc0000 - 0x00007ffcc7c97000 	C:\WINDOWS\System32\OLEAUT32.dll
0x00007ffcad170000 - 0x00007ffcad1a2000 	C:\WINDOWS\SYSTEM32\dbgcore.DLL
0x00007ffcc6540000 - 0x00007ffcc65bb000 	C:\WINDOWS\System32\bcryptPrimitives.dll
0x00007ffc9c5b0000 - 0x00007ffc9c5d5000 	C:\Program Files\Eclipse Adoptium\jdk-17.0.15.6-hotspot\bin\java.dll

dbghelp: loaded successfully - version: 4.0.5 - missing functions: none
symbol engine: initialized successfully - sym options: 0x614 - pdb path: .;C:\Program Files\Eclipse Adoptium\jdk-17.0.15.6-hotspot\bin;C:\WINDOWS\SYSTEM32;C:\WINDOWS\WinSxS\amd64_microsoft.windows.common-controls_6595b64144ccf1df_6.0.22621.5415_none_270d77d17387d7da;C:\Program Files\Eclipse Adoptium\jdk-17.0.15.6-hotspot\bin\server

VM Arguments:
java_command: <unknown>
java_class_path (initial): <not set>
Launcher Type: SUN_STANDARD

[Global flags]
     intx CICompilerCount                          = 4                                         {product} {ergonomic}
     uint ConcGCThreads                            = 2                                         {product} {ergonomic}
     uint G1ConcRefinementThreads                  = 8                                         {product} {ergonomic}
   size_t G1HeapRegionSize                         = 2097152                                   {product} {ergonomic}
    uintx GCDrainStackTargetSize                   = 64                                        {product} {ergonomic}
   size_t InitialHeapSize                          = 266338304                                 {product} {ergonomic}
   size_t MarkStackSize                            = 4194304                                   {product} {ergonomic}
   size_t MaxHeapSize                              = 4259315712                                {product} {ergonomic}
   size_t MinHeapDeltaBytes                        = 2097152                                   {product} {ergonomic}
   size_t MinHeapSize                              = 8388608                                   {product} {ergonomic}
    uintx NonNMethodCodeHeapSize                   = 5839372                                {pd product} {ergonomic}
    uintx NonProfiledCodeHeapSize                  = 122909434                              {pd product} {ergonomic}
    uintx ProfiledCodeHeapSize                     = 122909434                              {pd product} {ergonomic}
    uintx ReservedCodeCacheSize                    = 251658240                              {pd product} {ergonomic}
     bool SegmentedCodeCache                       = true                                      {product} {ergonomic}
   size_t SoftMaxHeapSize                          = 4259315712                             {manageable} {ergonomic}
     bool UseCompressedClassPointers               = true                           {product lp64_product} {ergonomic}
     bool UseCompressedOops                        = true                           {product lp64_product} {ergonomic}
     bool UseG1GC                                  = true                                      {product} {ergonomic}
     bool UseLargePagesIndividualAllocation        = false                                  {pd product} {ergonomic}

Logging:
Log output configuration:
 #0: stdout all=warning uptime,level,tags
 #1: stderr all=off uptime,level,tags

Environment Variables:
JAVA_HOME=C:\Program Files\Eclipse Adoptium\jdk-17.0.15.6-hotspot
PATH=C:\Program Files\Eclipse Adoptium\jdk-17.0.15.6-hotspot\bin;C:\Program Files\Common Files\Oracle\Java\javapath;C:\Windows\System32;C:\Windows;C:\Users\dell\AppData\Local\Android\Sdk;C:\Windows\System32\WindowsPowerShell\v1.0\;C:\Gradle\gradle-7.6\bin;C:\Program Files\Git\cmd;C:\Users\dell\AppData\Local\Pub\Cache\bin;C:\Users\dell\AppData\Local\Android\Sdk\cmdline-tools\latest\bin;C:\Program Files\Eclipse Adoptium\jdk-17.0.15.6-hotspot\bin;C:\Program Files\Docker\Docker\resources\bin;C:\src\flutter\bin;C:\Users\dell\AppData\Local\Android\Sdk\ndk\;C:\Users\dell\AppData\Local\Programs\Python\Python313\Scripts\;C:\Users\dell\AppData\Local\Programs\Python\Python313\;C:\Program Files\MySQL\MySQL Shell 8.0\bin\;C:\Users\dell\AppData\Local\Microsoft\WindowsApps;C:\Users\dell\AppData\Local\Programs\Microsoft VS Code\bin;C:\PHP;C:\xampp\php;C:\Users\dell\AppData\Local\ComposerSetup\bin;C:\Users\dell\AppData\Roaming\Composer\vendor\bin;C:\Users\dell\AppData\Local\Microsoft\WinGet\Packages\Schniz.fnm_Microsoft.Winget.Source_8wekyb3d8bbwe;C:\Users\dell\AppData\Roaming\nvm;C:\Program Files\nodejs;C:\Users\dell\AppData\Roaming\npm;C:\src\flutter\bin;C:\Users\dell\.dotnet\tools;C:\Program Files\JetBrains\PyCharm 2024.3.1.1\bin;;C:\Program Files\Eclipse Adoptium\jdk-17.0.15.6-hotspot\bin;
USERNAME=dell
OS=Windows_NT
PROCESSOR_IDENTIFIER=Intel64 Family 6 Model 142 Stepping 10, GenuineIntel
TMP=C:\Users\dell\AppData\Local\Temp
TEMP=C:\Users\dell\AppData\Local\Temp



Periodic native trim disabled


---------------  S Y S T E M  ---------------

OS:
 Windows 11 , 64 bit Build 22621 (10.0.22621.5415)
OS uptime: 0 days 0:16 hours
Hyper-V role detected

CPU: total 8 (initial active 8) (4 cores per cpu, 2 threads per core) family 6 model 142 stepping 10 microcode 0xf4, cx8, cmov, fxsr, ht, mmx, 3dnowpref, sse, sse2, sse3, ssse3, sse4.1, sse4.2, popcnt, lzcnt, tsc, tscinvbit, avx, avx2, aes, erms, clmul, bmi1, bmi2, rtm, adx, fma, vzeroupper, clflush, clflushopt, hv
Processor Information for all 8 processors :
  Max Mhz: 1896, Current Mhz: 1696, Mhz Limit: 1687

Memory: 4k page, system-wide physical 16242M (658M free)
TotalPageFile size 21047M (AvailPageFile size 112M)
current process WorkingSet (physical memory assigned to process): 11M, peak: 11M
current process commit charge ("private bytes"): 60M, peak: 314M

vm_info: OpenJDK 64-Bit Server VM (17.0.15+6) for windows-amd64 JRE (17.0.15+6), built on Apr 15 2025 21:25:47 by "admin" with MS VC++ 17.7 (VS2022)

END.
